{"contracts\\GameCharacter.sol":{"l":{"95":21,"96":21,"97":21,"98":21,"100":21,"112":31,"115":1,"118":30,"119":30,"121":30,"123":30,"134":30,"136":30,"150":9,"161":31},"path":"D:\\PFE\\dynamic-nft-game\\contracts\\GameCharacter.sol","s":{"1":21,"2":21,"3":21,"4":21,"5":21,"6":31,"7":30,"8":30,"9":30,"10":30,"11":30,"12":9,"13":31},"b":{"1":[21,1],"2":[31,2],"3":[31,0],"4":[1,30],"5":[13,9],"6":[9,8],"7":[2,1]},"f":{"1":21,"2":31,"3":9,"4":31,"5":2},"fnMap":{"1":{"name":"initialize","line":94,"loc":{"start":{"line":94,"column":4},"end":{"line":101,"column":4}}},"2":{"name":"mintCharacter","line":111,"loc":{"start":{"line":111,"column":4},"end":{"line":137,"column":4}}},"3":{"name":"getCharacterTraits","line":146,"loc":{"start":{"line":146,"column":4},"end":{"line":151,"column":4}}},"4":{"name":"_isValidCharacterClass","line":160,"loc":{"start":{"line":160,"column":4},"end":{"line":166,"column":4}}},"5":{"name":"_authorizeUpgrade","line":170,"loc":{"start":{"line":170,"column":4},"end":{"line":170,"column":87}}}},"statementMap":{"1":{"start":{"line":95,"column":8},"end":{"line":95,"column":36}},"2":{"start":{"line":96,"column":8},"end":{"line":96,"column":23}},"3":{"start":{"line":97,"column":8},"end":{"line":97,"column":31}},"4":{"start":{"line":98,"column":8},"end":{"line":98,"column":31}},"5":{"start":{"line":100,"column":8},"end":{"line":100,"column":34}},"6":{"start":{"line":112,"column":8},"end":{"line":112,"column":5243}},"7":{"start":{"line":118,"column":8},"end":{"line":118,"column":54}},"8":{"start":{"line":119,"column":8},"end":{"line":119,"column":34}},"9":{"start":{"line":121,"column":8},"end":{"line":121,"column":40}},"10":{"start":{"line":134,"column":8},"end":{"line":134,"column":68}},"11":{"start":{"line":136,"column":8},"end":{"line":136,"column":25}},"12":{"start":{"line":150,"column":8},"end":{"line":150,"column":40}},"13":{"start":{"line":161,"column":8},"end":{"line":161,"column":7284}}},"branchMap":{"1":{"line":94,"type":"if","locations":[{"start":{"line":94,"column":75},"end":{"line":94,"column":75}},{"start":{"line":94,"column":75},"end":{"line":94,"column":75}}]},"2":{"line":111,"type":"if","locations":[{"start":{"line":111,"column":64},"end":{"line":111,"column":64}},{"start":{"line":111,"column":64},"end":{"line":111,"column":64}}]},"3":{"line":111,"type":"if","locations":[{"start":{"line":111,"column":74},"end":{"line":111,"column":74}},{"start":{"line":111,"column":74},"end":{"line":111,"column":74}}]},"4":{"line":112,"type":"if","locations":[{"start":{"line":112,"column":8},"end":{"line":112,"column":8}},{"start":{"line":112,"column":8},"end":{"line":112,"column":8}}]},"5":{"line":162,"type":"cond-expr","locations":[{"start":{"line":162,"column":12},"end":{"line":162,"column":96}},{"start":{"line":163,"column":12},"end":{"line":163,"column":93}}]},"6":{"line":162,"type":"cond-expr","locations":[{"start":{"line":162,"column":12},"end":{"line":163,"column":93}},{"start":{"line":164,"column":12},"end":{"line":164,"column":94}}]},"7":{"line":170,"type":"if","locations":[{"start":{"line":170,"column":76},"end":{"line":170,"column":76}},{"start":{"line":170,"column":76},"end":{"line":170,"column":76}}]}}}}