{"contracts\\AchievementBadge.sol":{"l":{"50":27,"51":27,"65":1,"82":27,"83":27,"85":27,"92":27,"93":27,"94":27,"96":27,"107":1,"108":1,"116":28,"117":28,"118":1,"120":27,"128":1,"130":1,"131":1,"132":1,"134":1,"144":1,"155":1,"159":1,"160":0,"161":0,"162":0,"163":0,"167":1,"168":0,"169":0,"170":0,"171":0},"path":"D:\\PFE\\dynamic-nft-game\\contracts\\AchievementBadge.sol","s":{"1":27,"2":27,"3":27,"4":27,"5":27,"6":27,"7":1,"8":1,"9":28,"10":28,"11":1,"12":27,"13":1,"14":1,"15":1,"16":1,"17":1,"18":1,"19":1,"20":1,"21":1,"22":0,"23":0,"24":0,"25":0,"26":0,"27":0,"28":0,"29":1,"30":1,"31":0,"32":0,"33":0,"34":0,"35":0,"36":0,"37":0},"b":{"1":[27,0],"2":[1,0],"3":[27,0],"4":[1,0],"5":[1,27],"6":[1,0],"7":[1,0],"8":[0,0],"9":[0,0],"10":[0,0],"11":[1,0],"12":[0,0],"13":[0,0],"14":[0,0]},"f":{"1":27,"2":1,"3":1,"4":27,"5":1,"6":28,"7":1,"8":1,"9":1},"fnMap":{"1":{"name":"onlyTracker","line":49,"loc":{"start":{"line":49,"column":4},"end":{"line":52,"column":4}}},"2":{"name":"constructor","line":58,"loc":{"start":{"line":58,"column":4},"end":{"line":58,"column":81}}},"3":{"name":"setAchievementTracker","line":64,"loc":{"start":{"line":64,"column":4},"end":{"line":66,"column":4}}},"4":{"name":"mintBadge","line":81,"loc":{"start":{"line":76,"column":4},"end":{"line":97,"column":4}}},"5":{"name":"locked","line":106,"loc":{"start":{"line":106,"column":4},"end":{"line":109,"column":4}}},"6":{"name":"_update","line":115,"loc":{"start":{"line":115,"column":4},"end":{"line":121,"column":4}}},"7":{"name":"tokenURI","line":127,"loc":{"start":{"line":127,"column":4},"end":{"line":156,"column":4}}},"8":{"name":"_getTierColor","line":158,"loc":{"start":{"line":158,"column":4},"end":{"line":164,"column":4}}},"9":{"name":"_getTierName","line":166,"loc":{"start":{"line":166,"column":4},"end":{"line":172,"column":4}}}},"statementMap":{"1":{"start":{"line":50,"column":8},"end":{"line":50,"column":88}},"2":{"start":{"line":83,"column":8},"end":{"line":83,"column":44}},"3":{"start":{"line":92,"column":8},"end":{"line":92,"column":36}},"4":{"start":{"line":93,"column":8},"end":{"line":93,"column":31}},"5":{"start":{"line":94,"column":8},"end":{"line":94,"column":59}},"6":{"start":{"line":96,"column":8},"end":{"line":96,"column":25}},"7":{"start":{"line":107,"column":8},"end":{"line":107,"column":75}},"8":{"start":{"line":108,"column":8},"end":{"line":108,"column":19}},"9":{"start":{"line":116,"column":8},"end":{"line":116,"column":40}},"10":{"start":{"line":117,"column":8},"end":{"line":117,"column":4112}},"11":{"start":{"line":118,"column":12},"end":{"line":118,"column":57}},"12":{"start":{"line":120,"column":8},"end":{"line":120,"column":47}},"13":{"start":{"line":128,"column":8},"end":{"line":128,"column":75}},"14":{"start":{"line":130,"column":8},"end":{"line":130,"column":58}},"15":{"start":{"line":131,"column":8},"end":{"line":131,"column":54}},"16":{"start":{"line":132,"column":8},"end":{"line":132,"column":56}},"17":{"start":{"line":134,"column":8},"end":{"line":134,"column":4823}},"18":{"start":{"line":144,"column":8},"end":{"line":144,"column":5640}},"19":{"start":{"line":155,"column":8},"end":{"line":155,"column":78}},"20":{"start":{"line":159,"column":8},"end":{"line":159,"column":39}},"21":{"start":{"line":159,"column":23},"end":{"line":159,"column":39}},"22":{"start":{"line":160,"column":8},"end":{"line":160,"column":39}},"23":{"start":{"line":160,"column":23},"end":{"line":160,"column":39}},"24":{"start":{"line":161,"column":8},"end":{"line":161,"column":39}},"25":{"start":{"line":161,"column":23},"end":{"line":161,"column":39}},"26":{"start":{"line":162,"column":8},"end":{"line":162,"column":39}},"27":{"start":{"line":162,"column":23},"end":{"line":162,"column":39}},"28":{"start":{"line":163,"column":8},"end":{"line":163,"column":24}},"29":{"start":{"line":167,"column":8},"end":{"line":167,"column":38}},"30":{"start":{"line":167,"column":23},"end":{"line":167,"column":38}},"31":{"start":{"line":168,"column":8},"end":{"line":168,"column":38}},"32":{"start":{"line":168,"column":23},"end":{"line":168,"column":38}},"33":{"start":{"line":169,"column":8},"end":{"line":169,"column":36}},"34":{"start":{"line":169,"column":23},"end":{"line":169,"column":36}},"35":{"start":{"line":170,"column":8},"end":{"line":170,"column":40}},"36":{"start":{"line":170,"column":23},"end":{"line":170,"column":40}},"37":{"start":{"line":171,"column":8},"end":{"line":171,"column":24}}},"branchMap":{"1":{"line":50,"type":"if","locations":[{"start":{"line":50,"column":8},"end":{"line":50,"column":8}},{"start":{"line":50,"column":8},"end":{"line":50,"column":8}}]},"2":{"line":64,"type":"if","locations":[{"start":{"line":64,"column":62},"end":{"line":64,"column":62}},{"start":{"line":64,"column":62},"end":{"line":64,"column":62}}]},"3":{"line":81,"type":"if","locations":[{"start":{"line":81,"column":15},"end":{"line":81,"column":15}},{"start":{"line":81,"column":15},"end":{"line":81,"column":15}}]},"4":{"line":107,"type":"if","locations":[{"start":{"line":107,"column":8},"end":{"line":107,"column":8}},{"start":{"line":107,"column":8},"end":{"line":107,"column":8}}]},"5":{"line":117,"type":"if","locations":[{"start":{"line":117,"column":8},"end":{"line":117,"column":8}},{"start":{"line":117,"column":8},"end":{"line":117,"column":8}}]},"6":{"line":128,"type":"if","locations":[{"start":{"line":128,"column":8},"end":{"line":128,"column":8}},{"start":{"line":128,"column":8},"end":{"line":128,"column":8}}]},"7":{"line":159,"type":"if","locations":[{"start":{"line":159,"column":8},"end":{"line":159,"column":8}},{"start":{"line":159,"column":8},"end":{"line":159,"column":8}}]},"8":{"line":160,"type":"if","locations":[{"start":{"line":160,"column":8},"end":{"line":160,"column":8}},{"start":{"line":160,"column":8},"end":{"line":160,"column":8}}]},"9":{"line":161,"type":"if","locations":[{"start":{"line":161,"column":8},"end":{"line":161,"column":8}},{"start":{"line":161,"column":8},"end":{"line":161,"column":8}}]},"10":{"line":162,"type":"if","locations":[{"start":{"line":162,"column":8},"end":{"line":162,"column":8}},{"start":{"line":162,"column":8},"end":{"line":162,"column":8}}]},"11":{"line":167,"type":"if","locations":[{"start":{"line":167,"column":8},"end":{"line":167,"column":8}},{"start":{"line":167,"column":8},"end":{"line":167,"column":8}}]},"12":{"line":168,"type":"if","locations":[{"start":{"line":168,"column":8},"end":{"line":168,"column":8}},{"start":{"line":168,"column":8},"end":{"line":168,"column":8}}]},"13":{"line":169,"type":"if","locations":[{"start":{"line":169,"column":8},"end":{"line":169,"column":8}},{"start":{"line":169,"column":8},"end":{"line":169,"column":8}}]},"14":{"line":170,"type":"if","locations":[{"start":{"line":170,"column":8},"end":{"line":170,"column":8}},{"start":{"line":170,"column":8},"end":{"line":170,"column":8}}]}}},"contracts\\AchievementTracker.sol":{"l":{"87":40,"88":38,"96":4,"97":4,"105":7,"106":7,"110":0,"111":0,"115":1,"129":76,"130":76,"142":76,"146":2,"147":2,"161":34,"162":34,"163":33,"165":32,"172":32,"173":32,"176":32,"177":15,"179":32,"180":31,"183":32,"184":27,"187":32,"194":4,"195":4,"196":4,"198":4,"199":4,"201":4,"202":1,"211":2,"212":2,"213":2,"214":40,"215":4,"216":4,"221":2,"222":2,"223":2,"225":2,"229":1,"230":1,"231":1,"233":1,"234":20,"235":4,"236":4,"240":1,"241":1,"242":1,"244":1,"248":21,"252":2},"path":"D:\\PFE\\dynamic-nft-game\\contracts\\AchievementTracker.sol","s":{"1":40,"2":7,"3":0,"4":76,"5":2,"6":34,"7":34,"8":33,"9":32,"10":15,"11":32,"12":31,"13":32,"14":27,"15":32,"16":4,"17":4,"18":4,"19":4,"20":4,"21":1,"22":2,"23":2,"24":2,"25":40,"26":2,"27":2,"28":2,"29":1,"30":1,"31":1,"32":1,"33":20,"34":1,"35":1,"36":1,"37":21,"38":2},"b":{"1":[38,2],"2":[1,37],"3":[7,0],"4":[0,0],"5":[1,0],"6":[76,2],"7":[2,0],"8":[2,0],"9":[34,1],"10":[34,0],"11":[33,1],"12":[32,1],"13":[15,17],"14":[31,1],"15":[27,5],"16":[4,1],"17":[4,0],"18":[4,0],"19":[4,0],"20":[1,3],"21":[4,36],"22":[4,16],"23":[2,0]},"f":{"1":40,"2":4,"3":7,"4":0,"5":1,"6":76,"7":2,"8":34,"9":4,"10":2,"11":1,"12":21,"13":2},"fnMap":{"1":{"name":"onlyAuthorized","line":86,"loc":{"start":{"line":86,"column":4},"end":{"line":89,"column":4}}},"2":{"name":"constructor","line":95,"loc":{"start":{"line":95,"column":4},"end":{"line":98,"column":4}}},"3":{"name":"addAuthorizedAddress","line":104,"loc":{"start":{"line":104,"column":4},"end":{"line":107,"column":4}}},"4":{"name":"removeAuthorizedAddress","line":109,"loc":{"start":{"line":109,"column":4},"end":{"line":112,"column":4}}},"5":{"name":"setAchievementBadge","line":114,"loc":{"start":{"line":114,"column":4},"end":{"line":116,"column":4}}},"6":{"name":"addAchievement","line":128,"loc":{"start":{"line":121,"column":4},"end":{"line":143,"column":4}}},"7":{"name":"setAchievementStatus","line":145,"loc":{"start":{"line":145,"column":4},"end":{"line":148,"column":4}}},"8":{"name":"unlockAchievement","line":160,"loc":{"start":{"line":160,"column":4},"end":{"line":188,"column":4}}},"9":{"name":"updateProgress","line":193,"loc":{"start":{"line":193,"column":4},"end":{"line":204,"column":4}}},"10":{"name":"getPlayerAchievements","line":210,"loc":{"start":{"line":210,"column":4},"end":{"line":226,"column":4}}},"11":{"name":"getAchievementsByCategory","line":228,"loc":{"start":{"line":228,"column":4},"end":{"line":245,"column":4}}},"12":{"name":"getAchievementProgress","line":247,"loc":{"start":{"line":247,"column":4},"end":{"line":249,"column":4}}},"13":{"name":"isAuthorized","line":251,"loc":{"start":{"line":251,"column":4},"end":{"line":253,"column":4}}}},"statementMap":{"1":{"start":{"line":87,"column":8},"end":{"line":87,"column":101}},"2":{"start":{"line":106,"column":8},"end":{"line":106,"column":48}},"3":{"start":{"line":111,"column":8},"end":{"line":111,"column":50}},"4":{"start":{"line":142,"column":8},"end":{"line":142,"column":62}},"5":{"start":{"line":146,"column":8},"end":{"line":146,"column":99}},"6":{"start":{"line":161,"column":8},"end":{"line":161,"column":70}},"7":{"start":{"line":162,"column":8},"end":{"line":162,"column":65}},"8":{"start":{"line":163,"column":8},"end":{"line":163,"column":91}},"9":{"start":{"line":176,"column":8},"end":{"line":176,"column":6987}},"10":{"start":{"line":177,"column":12},"end":{"line":177,"column":78}},"11":{"start":{"line":179,"column":8},"end":{"line":179,"column":7137}},"12":{"start":{"line":180,"column":12},"end":{"line":180,"column":59}},"13":{"start":{"line":183,"column":8},"end":{"line":183,"column":7257}},"14":{"start":{"line":184,"column":12},"end":{"line":184,"column":98}},"15":{"start":{"line":187,"column":8},"end":{"line":187,"column":104}},"16":{"start":{"line":194,"column":8},"end":{"line":194,"column":82}},"17":{"start":{"line":195,"column":8},"end":{"line":195,"column":91}},"18":{"start":{"line":196,"column":8},"end":{"line":196,"column":58}},"19":{"start":{"line":199,"column":8},"end":{"line":199,"column":64}},"20":{"start":{"line":201,"column":8},"end":{"line":201,"column":8172}},"21":{"start":{"line":202,"column":12},"end":{"line":202,"column":68}},"22":{"start":{"line":211,"column":8},"end":{"line":211,"column":90}},"23":{"start":{"line":212,"column":8},"end":{"line":212,"column":25}},"24":{"start":{"line":213,"column":8},"end":{"line":213,"column":8712}},"25":{"start":{"line":214,"column":12},"end":{"line":214,"column":8780}},"26":{"start":{"line":221,"column":8},"end":{"line":221,"column":74}},"27":{"start":{"line":222,"column":8},"end":{"line":222,"column":9073}},"28":{"start":{"line":225,"column":8},"end":{"line":225,"column":21}},"29":{"start":{"line":229,"column":8},"end":{"line":229,"column":80}},"30":{"start":{"line":230,"column":8},"end":{"line":230,"column":25}},"31":{"start":{"line":231,"column":8},"end":{"line":231,"column":69}},"32":{"start":{"line":233,"column":8},"end":{"line":233,"column":9509}},"33":{"start":{"line":234,"column":12},"end":{"line":234,"column":9577}},"34":{"start":{"line":240,"column":8},"end":{"line":240,"column":62}},"35":{"start":{"line":241,"column":8},"end":{"line":241,"column":9834}},"36":{"start":{"line":244,"column":8},"end":{"line":244,"column":21}},"37":{"start":{"line":248,"column":8},"end":{"line":248,"column":67}},"38":{"start":{"line":252,"column":8},"end":{"line":252,"column":74}}},"branchMap":{"1":{"line":87,"type":"if","locations":[{"start":{"line":87,"column":8},"end":{"line":87,"column":8}},{"start":{"line":87,"column":8},"end":{"line":87,"column":8}}]},"2":{"line":87,"type":"cond-expr","locations":[{"start":{"line":87,"column":16},"end":{"line":87,"column":36}},{"start":{"line":87,"column":41},"end":{"line":87,"column":72}}]},"3":{"line":104,"type":"if","locations":[{"start":{"line":104,"column":64},"end":{"line":104,"column":64}},{"start":{"line":104,"column":64},"end":{"line":104,"column":64}}]},"4":{"line":109,"type":"if","locations":[{"start":{"line":109,"column":67},"end":{"line":109,"column":67}},{"start":{"line":109,"column":67},"end":{"line":109,"column":67}}]},"5":{"line":114,"type":"if","locations":[{"start":{"line":114,"column":66},"end":{"line":114,"column":66}},{"start":{"line":114,"column":66},"end":{"line":114,"column":66}}]},"6":{"line":128,"type":"if","locations":[{"start":{"line":128,"column":15},"end":{"line":128,"column":15}},{"start":{"line":128,"column":15},"end":{"line":128,"column":15}}]},"7":{"line":145,"type":"if","locations":[{"start":{"line":145,"column":83},"end":{"line":145,"column":83}},{"start":{"line":145,"column":83},"end":{"line":145,"column":83}}]},"8":{"line":146,"type":"if","locations":[{"start":{"line":146,"column":8},"end":{"line":146,"column":8}},{"start":{"line":146,"column":8},"end":{"line":146,"column":8}}]},"9":{"line":160,"type":"if","locations":[{"start":{"line":160,"column":99},"end":{"line":160,"column":99}},{"start":{"line":160,"column":99},"end":{"line":160,"column":99}}]},"10":{"line":160,"type":"if","locations":[{"start":{"line":160,"column":114},"end":{"line":160,"column":114}},{"start":{"line":160,"column":114},"end":{"line":160,"column":114}}]},"11":{"line":162,"type":"if","locations":[{"start":{"line":162,"column":8},"end":{"line":162,"column":8}},{"start":{"line":162,"column":8},"end":{"line":162,"column":8}}]},"12":{"line":163,"type":"if","locations":[{"start":{"line":163,"column":8},"end":{"line":163,"column":8}},{"start":{"line":163,"column":8},"end":{"line":163,"column":8}}]},"13":{"line":176,"type":"if","locations":[{"start":{"line":176,"column":8},"end":{"line":176,"column":8}},{"start":{"line":176,"column":8},"end":{"line":176,"column":8}}]},"14":{"line":179,"type":"if","locations":[{"start":{"line":179,"column":8},"end":{"line":179,"column":8}},{"start":{"line":179,"column":8},"end":{"line":179,"column":8}}]},"15":{"line":183,"type":"if","locations":[{"start":{"line":183,"column":8},"end":{"line":183,"column":8}},{"start":{"line":183,"column":8},"end":{"line":183,"column":8}}]},"16":{"line":193,"type":"if","locations":[{"start":{"line":193,"column":115},"end":{"line":193,"column":115}},{"start":{"line":193,"column":115},"end":{"line":193,"column":115}}]},"17":{"line":194,"type":"if","locations":[{"start":{"line":194,"column":8},"end":{"line":194,"column":8}},{"start":{"line":194,"column":8},"end":{"line":194,"column":8}}]},"18":{"line":195,"type":"if","locations":[{"start":{"line":195,"column":8},"end":{"line":195,"column":8}},{"start":{"line":195,"column":8},"end":{"line":195,"column":8}}]},"19":{"line":196,"type":"if","locations":[{"start":{"line":196,"column":8},"end":{"line":196,"column":8}},{"start":{"line":196,"column":8},"end":{"line":196,"column":8}}]},"20":{"line":201,"type":"if","locations":[{"start":{"line":201,"column":8},"end":{"line":201,"column":8}},{"start":{"line":201,"column":8},"end":{"line":201,"column":8}}]},"21":{"line":214,"type":"if","locations":[{"start":{"line":214,"column":12},"end":{"line":214,"column":12}},{"start":{"line":214,"column":12},"end":{"line":214,"column":12}}]},"22":{"line":234,"type":"if","locations":[{"start":{"line":234,"column":12},"end":{"line":234,"column":12}},{"start":{"line":234,"column":12},"end":{"line":234,"column":12}}]},"23":{"line":252,"type":"cond-expr","locations":[{"start":{"line":252,"column":15},"end":{"line":252,"column":47}},{"start":{"line":252,"column":52},"end":{"line":252,"column":73}}]}}},"contracts\\AchievementTrigger.sol":{"l":{"82":34,"83":34,"87":4,"88":4,"89":4,"93":15,"100":13,"101":12,"105":13,"106":13,"107":13,"108":13,"112":13,"113":13,"114":13,"115":13,"116":13,"120":2,"123":2,"124":2,"125":2,"129":2,"132":2,"133":0,"138":0,"142":6,"145":6,"146":0,"150":6,"151":6,"152":6,"153":6,"154":6},"path":"D:\\PFE\\dynamic-nft-game\\contracts\\AchievementTrigger.sol","s":{"1":34,"2":13,"3":12,"4":13,"5":13,"6":1,"7":13,"8":0,"9":13,"10":0,"11":13,"12":1,"13":13,"14":0,"15":13,"16":0,"17":13,"18":0,"19":13,"20":0,"21":2,"22":2,"23":2,"24":2,"25":2,"26":2,"27":0,"28":2,"29":0,"30":0,"31":0,"32":6,"33":6,"34":0,"35":6,"36":6,"37":6,"38":1,"39":6,"40":0,"41":6,"42":0},"b":{"1":[34,0],"2":[34,0],"3":[15,0],"4":[13,0],"5":[12,1],"6":[1,12],"7":[0,13],"8":[0,13],"9":[13,0],"10":[1,12],"11":[0,13],"12":[0,13],"13":[0,13],"14":[0,13],"15":[2,0],"16":[2,0],"17":[2,0],"18":[0,2],"19":[0,2],"20":[0,0],"21":[0,0],"22":[6,0],"23":[0,6],"24":[1,5],"25":[0,6],"26":[0,6]},"f":{"1":34,"2":4,"3":15,"4":13,"5":13,"6":2,"7":0,"8":6},"fnMap":{"1":{"name":"onlyAuthorized","line":81,"loc":{"start":{"line":81,"column":4},"end":{"line":84,"column":4}}},"2":{"name":"constructor","line":86,"loc":{"start":{"line":86,"column":4},"end":{"line":90,"column":4}}},"3":{"name":"setAuthorizedCaller","line":92,"loc":{"start":{"line":92,"column":4},"end":{"line":94,"column":4}}},"4":{"name":"checkMintAchievements","line":98,"loc":{"start":{"line":98,"column":4},"end":{"line":109,"column":4}}},"5":{"name":"checkLevelAchievements","line":111,"loc":{"start":{"line":111,"column":4},"end":{"line":117,"column":4}}},"6":{"name":"checkBreedingAchievements","line":119,"loc":{"start":{"line":119,"column":4},"end":{"line":135,"column":4}}},"7":{"name":"checkFusionAchievements","line":137,"loc":{"start":{"line":137,"column":4},"end":{"line":139,"column":4}}},"8":{"name":"checkStakingAchievements","line":141,"loc":{"start":{"line":141,"column":4},"end":{"line":156,"column":4}}}},"statementMap":{"1":{"start":{"line":82,"column":8},"end":{"line":82,"column":86}},"2":{"start":{"line":100,"column":8},"end":{"line":100,"column":3614}},"3":{"start":{"line":101,"column":12},"end":{"line":101,"column":66}},"4":{"start":{"line":105,"column":8},"end":{"line":105,"column":53}},"5":{"start":{"line":106,"column":8},"end":{"line":106,"column":138}},"6":{"start":{"line":106,"column":85},"end":{"line":106,"column":137}},"7":{"start":{"line":107,"column":8},"end":{"line":107,"column":135}},"8":{"start":{"line":107,"column":84},"end":{"line":107,"column":134}},"9":{"start":{"line":108,"column":8},"end":{"line":108,"column":154}},"10":{"start":{"line":108,"column":94},"end":{"line":108,"column":153}},"11":{"start":{"line":112,"column":8},"end":{"line":112,"column":131}},"12":{"start":{"line":112,"column":81},"end":{"line":112,"column":130}},"13":{"start":{"line":113,"column":8},"end":{"line":113,"column":133}},"14":{"start":{"line":113,"column":82},"end":{"line":113,"column":132}},"15":{"start":{"line":114,"column":8},"end":{"line":114,"column":129}},"16":{"start":{"line":114,"column":80},"end":{"line":114,"column":128}},"17":{"start":{"line":115,"column":8},"end":{"line":115,"column":137}},"18":{"start":{"line":115,"column":84},"end":{"line":115,"column":136}},"19":{"start":{"line":116,"column":8},"end":{"line":116,"column":138}},"20":{"start":{"line":116,"column":85},"end":{"line":116,"column":137}},"21":{"start":{"line":120,"column":8},"end":{"line":120,"column":122}},"22":{"start":{"line":120,"column":67},"end":{"line":120,"column":121}},"23":{"start":{"line":123,"column":8},"end":{"line":123,"column":81}},"24":{"start":{"line":124,"column":8},"end":{"line":124,"column":5550}},"25":{"start":{"line":125,"column":12},"end":{"line":125,"column":85}},"26":{"start":{"line":129,"column":8},"end":{"line":129,"column":152}},"27":{"start":{"line":129,"column":88},"end":{"line":129,"column":151}},"28":{"start":{"line":132,"column":8},"end":{"line":132,"column":5897}},"29":{"start":{"line":133,"column":12},"end":{"line":133,"column":75}},"30":{"start":{"line":138,"column":8},"end":{"line":138,"column":137}},"31":{"start":{"line":138,"column":74},"end":{"line":138,"column":136}},"32":{"start":{"line":142,"column":8},"end":{"line":142,"column":83}},"33":{"start":{"line":145,"column":8},"end":{"line":145,"column":6554}},"34":{"start":{"line":146,"column":12},"end":{"line":146,"column":54}},"35":{"start":{"line":150,"column":8},"end":{"line":150,"column":6746}},"36":{"start":{"line":151,"column":12},"end":{"line":151,"column":67}},"37":{"start":{"line":152,"column":12},"end":{"line":152,"column":152}},"38":{"start":{"line":152,"column":92},"end":{"line":152,"column":151}},"39":{"start":{"line":153,"column":12},"end":{"line":153,"column":159}},"40":{"start":{"line":153,"column":96},"end":{"line":153,"column":158}},"41":{"start":{"line":154,"column":12},"end":{"line":154,"column":168}},"42":{"start":{"line":154,"column":101},"end":{"line":154,"column":167}}},"branchMap":{"1":{"line":82,"type":"if","locations":[{"start":{"line":82,"column":8},"end":{"line":82,"column":8}},{"start":{"line":82,"column":8},"end":{"line":82,"column":8}}]},"2":{"line":82,"type":"cond-expr","locations":[{"start":{"line":82,"column":16},"end":{"line":82,"column":44}},{"start":{"line":82,"column":49},"end":{"line":82,"column":69}}]},"3":{"line":92,"type":"if","locations":[{"start":{"line":92,"column":73},"end":{"line":92,"column":73}},{"start":{"line":92,"column":73},"end":{"line":92,"column":73}}]},"4":{"line":98,"type":"if","locations":[{"start":{"line":98,"column":77},"end":{"line":98,"column":77}},{"start":{"line":98,"column":77},"end":{"line":98,"column":77}}]},"5":{"line":100,"type":"if","locations":[{"start":{"line":100,"column":8},"end":{"line":100,"column":8}},{"start":{"line":100,"column":8},"end":{"line":100,"column":8}}]},"6":{"line":106,"type":"if","locations":[{"start":{"line":106,"column":8},"end":{"line":106,"column":8}},{"start":{"line":106,"column":8},"end":{"line":106,"column":8}}]},"7":{"line":107,"type":"if","locations":[{"start":{"line":107,"column":8},"end":{"line":107,"column":8}},{"start":{"line":107,"column":8},"end":{"line":107,"column":8}}]},"8":{"line":108,"type":"if","locations":[{"start":{"line":108,"column":8},"end":{"line":108,"column":8}},{"start":{"line":108,"column":8},"end":{"line":108,"column":8}}]},"9":{"line":111,"type":"if","locations":[{"start":{"line":111,"column":93},"end":{"line":111,"column":93}},{"start":{"line":111,"column":93},"end":{"line":111,"column":93}}]},"10":{"line":112,"type":"if","locations":[{"start":{"line":112,"column":8},"end":{"line":112,"column":8}},{"start":{"line":112,"column":8},"end":{"line":112,"column":8}}]},"11":{"line":113,"type":"if","locations":[{"start":{"line":113,"column":8},"end":{"line":113,"column":8}},{"start":{"line":113,"column":8},"end":{"line":113,"column":8}}]},"12":{"line":114,"type":"if","locations":[{"start":{"line":114,"column":8},"end":{"line":114,"column":8}},{"start":{"line":114,"column":8},"end":{"line":114,"column":8}}]},"13":{"line":115,"type":"if","locations":[{"start":{"line":115,"column":8},"end":{"line":115,"column":8}},{"start":{"line":115,"column":8},"end":{"line":115,"column":8}}]},"14":{"line":116,"type":"if","locations":[{"start":{"line":116,"column":8},"end":{"line":116,"column":8}},{"start":{"line":116,"column":8},"end":{"line":116,"column":8}}]},"15":{"line":119,"type":"if","locations":[{"start":{"line":119,"column":131},"end":{"line":119,"column":131}},{"start":{"line":119,"column":131},"end":{"line":119,"column":131}}]},"16":{"line":120,"type":"if","locations":[{"start":{"line":120,"column":8},"end":{"line":120,"column":8}},{"start":{"line":120,"column":8},"end":{"line":120,"column":8}}]},"17":{"line":124,"type":"if","locations":[{"start":{"line":124,"column":8},"end":{"line":124,"column":8}},{"start":{"line":124,"column":8},"end":{"line":124,"column":8}}]},"18":{"line":129,"type":"if","locations":[{"start":{"line":129,"column":8},"end":{"line":129,"column":8}},{"start":{"line":129,"column":8},"end":{"line":129,"column":8}}]},"19":{"line":132,"type":"if","locations":[{"start":{"line":132,"column":8},"end":{"line":132,"column":8}},{"start":{"line":132,"column":8},"end":{"line":132,"column":8}}]},"20":{"line":137,"type":"if","locations":[{"start":{"line":137,"column":84},"end":{"line":137,"column":84}},{"start":{"line":137,"column":84},"end":{"line":137,"column":84}}]},"21":{"line":138,"type":"if","locations":[{"start":{"line":138,"column":8},"end":{"line":138,"column":8}},{"start":{"line":138,"column":8},"end":{"line":138,"column":8}}]},"22":{"line":141,"type":"if","locations":[{"start":{"line":141,"column":63},"end":{"line":141,"column":63}},{"start":{"line":141,"column":63},"end":{"line":141,"column":63}}]},"23":{"line":145,"type":"if","locations":[{"start":{"line":145,"column":8},"end":{"line":145,"column":8}},{"start":{"line":145,"column":8},"end":{"line":145,"column":8}}]},"24":{"line":152,"type":"if","locations":[{"start":{"line":152,"column":12},"end":{"line":152,"column":12}},{"start":{"line":152,"column":12},"end":{"line":152,"column":12}}]},"25":{"line":153,"type":"if","locations":[{"start":{"line":153,"column":12},"end":{"line":153,"column":12}},{"start":{"line":153,"column":12},"end":{"line":153,"column":12}}]},"26":{"line":154,"type":"if","locations":[{"start":{"line":154,"column":12},"end":{"line":154,"column":12}},{"start":{"line":154,"column":12},"end":{"line":154,"column":12}}]}}},"contracts\\CharacterBreeding.sol":{"l":{"109":7,"110":7,"111":7,"112":7,"113":7,"121":5,"122":5,"123":5,"124":5,"125":4,"126":4,"128":4,"130":4,"138":4,"139":4,"140":4,"142":4,"143":4,"145":4,"146":4,"150":3,"151":3,"153":3,"154":3,"156":3,"157":3,"159":3,"160":3,"161":3,"163":3,"164":3,"165":3,"166":3,"168":3,"169":3,"170":3,"172":3,"173":3,"174":3,"175":3,"177":3,"178":2,"183":3,"184":3,"185":3,"187":3,"192":3,"193":3,"194":3,"195":3,"197":3,"198":3,"199":3,"201":3,"202":2,"212":3,"220":9,"221":9,"222":9,"230":0,"234":4,"235":4,"236":4,"237":0,"244":9,"245":9,"249":9,"250":9,"251":9,"252":9,"253":9,"264":0,"265":0,"266":0,"270":4,"278":1,"279":1,"281":1,"282":1,"284":1,"285":1,"286":1,"289":1,"291":1,"292":1,"293":1,"294":1,"296":1,"297":1,"299":1,"304":1,"305":0,"308":1,"309":1,"313":1,"314":1,"315":0,"316":1,"317":1,"318":1,"319":1,"320":1,"324":3,"325":3},"path":"D:\\PFE\\dynamic-nft-game\\contracts\\CharacterBreeding.sol","s":{"1":5,"2":5,"3":5,"4":5,"5":4,"6":4,"7":4,"8":4,"9":4,"10":4,"11":3,"12":3,"13":3,"14":3,"15":3,"16":3,"17":3,"18":3,"19":3,"20":3,"21":3,"22":3,"23":3,"24":3,"25":3,"26":2,"27":0,"28":3,"29":3,"30":3,"31":3,"32":3,"33":3,"34":3,"35":3,"36":3,"37":2,"38":3,"39":9,"40":9,"41":9,"42":0,"43":4,"44":4,"45":4,"46":4,"47":0,"48":9,"49":9,"50":9,"51":9,"52":0,"53":9,"54":0,"55":9,"56":0,"57":9,"58":1,"59":1,"60":1,"61":1,"62":1,"63":1,"64":1,"65":0,"66":1,"67":1,"68":1,"69":1,"70":1,"71":1,"72":1,"73":1,"74":1,"75":0,"76":1,"77":1,"78":1,"79":0,"80":1,"81":0,"82":1,"83":1,"84":1,"85":0,"86":1,"87":0,"88":1,"89":3,"90":3},"b":{"1":[5,0],"2":[5,0],"3":[5,0],"4":[5,0],"5":[4,1],"6":[4,0],"7":[4,0],"8":[4,0],"9":[3,0],"10":[0,3],"11":[3,0],"12":[3,0],"13":[3,0],"14":[3,0],"15":[2,1],"16":[2,0],"17":[0,0],"18":[0,3],"19":[0,3],"20":[0,3],"21":[2,1],"22":[4,0],"23":[4,0],"24":[0,0],"25":[0,9],"26":[0,9],"27":[0,0],"28":[0,9],"29":[0,0],"30":[0,0],"31":[0,0],"32":[0,0],"33":[4,0],"34":[1,0],"35":[1,0],"36":[1,0],"37":[0,0],"38":[1,0],"39":[0,1],"40":[0,1],"41":[0,1],"42":[0,0],"43":[0,1],"44":[0,0],"45":[0,1],"46":[0,0],"47":[3,0]},"f":{"1":7,"2":5,"3":3,"4":9,"5":0,"6":4,"7":9,"8":9,"9":0,"10":0,"11":0,"12":0,"13":4,"14":1,"15":1,"16":3},"fnMap":{"1":{"name":"constructor","line":108,"loc":{"start":{"line":102,"column":4},"end":{"line":114,"column":4}}},"2":{"name":"breed","line":120,"loc":{"start":{"line":120,"column":4},"end":{"line":147,"column":4}}},"3":{"name":"fulfillRandomWords","line":149,"loc":{"start":{"line":149,"column":4},"end":{"line":213,"column":4}}},"4":{"name":"canBreed","line":219,"loc":{"start":{"line":219,"column":4},"end":{"line":227,"column":4}}},"5":{"name":"getBreedingHistory","line":229,"loc":{"start":{"line":229,"column":4},"end":{"line":231,"column":4}}},"6":{"name":"_isSibling","line":233,"loc":{"start":{"line":233,"column":4},"end":{"line":241,"column":4}}},"7":{"name":"_calculateStat","line":243,"loc":{"start":{"line":243,"column":4},"end":{"line":246,"column":4}}},"8":{"name":"_applyMutation","line":248,"loc":{"start":{"line":248,"column":4},"end":{"line":254,"column":4}}},"9":{"name":"setBreedingCost","line":260,"loc":{"start":{"line":260,"column":4},"end":{"line":260,"column":91}}},"10":{"name":"setBaseCooldown","line":261,"loc":{"start":{"line":261,"column":4},"end":{"line":261,"column":99}}},"11":{"name":"setMaxGeneration","line":262,"loc":{"start":{"line":262,"column":4},"end":{"line":262,"column":89}}},"12":{"name":"setVRFConfig","line":263,"loc":{"start":{"line":263,"column":4},"end":{"line":267,"column":4}}},"13":{"name":"setAchievementTrigger","line":269,"loc":{"start":{"line":269,"column":4},"end":{"line":271,"column":4}}},"14":{"name":"fuse","line":277,"loc":{"start":{"line":277,"column":4},"end":{"line":310,"column":4}}},"15":{"name":"canFuse","line":312,"loc":{"start":{"line":312,"column":4},"end":{"line":321,"column":4}}},"16":{"name":"_calculateFusedStat","line":323,"loc":{"start":{"line":323,"column":4},"end":{"line":326,"column":4}}}},"statementMap":{"1":{"start":{"line":121,"column":8},"end":{"line":121,"column":64}},"2":{"start":{"line":122,"column":8},"end":{"line":122,"column":87}},"3":{"start":{"line":123,"column":8},"end":{"line":123,"column":87}},"4":{"start":{"line":124,"column":8},"end":{"line":124,"column":60}},"5":{"start":{"line":125,"column":8},"end":{"line":125,"column":60}},"6":{"start":{"line":126,"column":8},"end":{"line":126,"column":74}},"7":{"start":{"line":128,"column":8},"end":{"line":128,"column":104}},"8":{"start":{"line":130,"column":8},"end":{"line":130,"column":5421}},"9":{"start":{"line":145,"column":8},"end":{"line":145,"column":75}},"10":{"start":{"line":146,"column":8},"end":{"line":146,"column":24}},"11":{"start":{"line":150,"column":8},"end":{"line":150,"column":53}},"12":{"start":{"line":151,"column":8},"end":{"line":151,"column":56}},"13":{"start":{"line":153,"column":8},"end":{"line":153,"column":50}},"14":{"start":{"line":154,"column":8},"end":{"line":154,"column":50}},"15":{"start":{"line":156,"column":8},"end":{"line":156,"column":89}},"16":{"start":{"line":157,"column":8},"end":{"line":157,"column":89}},"17":{"start":{"line":159,"column":8},"end":{"line":159,"column":98}},"18":{"start":{"line":160,"column":8},"end":{"line":160,"column":74}},"19":{"start":{"line":161,"column":8},"end":{"line":161,"column":99}},"20":{"start":{"line":163,"column":8},"end":{"line":163,"column":62}},"21":{"start":{"line":168,"column":8},"end":{"line":168,"column":83}},"22":{"start":{"line":169,"column":8},"end":{"line":169,"column":80}},"23":{"start":{"line":170,"column":8},"end":{"line":170,"column":95}},"24":{"start":{"line":172,"column":8},"end":{"line":172,"column":31}},"25":{"start":{"line":177,"column":8},"end":{"line":177,"column":7842}},"26":{"start":{"line":178,"column":12},"end":{"line":178,"column":7984}},"27":{"start":{"line":179,"column":17},"end":{"line":179,"column":8107}},"28":{"start":{"line":183,"column":8},"end":{"line":183,"column":84}},"29":{"start":{"line":184,"column":8},"end":{"line":184,"column":80}},"30":{"start":{"line":185,"column":8},"end":{"line":185,"column":100}},"31":{"start":{"line":187,"column":8},"end":{"line":187,"column":8511}},"32":{"start":{"line":192,"column":8},"end":{"line":192,"column":89}},"33":{"start":{"line":193,"column":8},"end":{"line":193,"column":39}},"34":{"start":{"line":194,"column":8},"end":{"line":194,"column":39}},"35":{"start":{"line":195,"column":8},"end":{"line":195,"column":46}},"36":{"start":{"line":201,"column":8},"end":{"line":201,"column":9102}},"37":{"start":{"line":202,"column":12},"end":{"line":202,"column":9167}},"38":{"start":{"line":212,"column":8},"end":{"line":212,"column":65}},"39":{"start":{"line":220,"column":8},"end":{"line":220,"column":96}},"40":{"start":{"line":221,"column":8},"end":{"line":221,"column":89}},"41":{"start":{"line":222,"column":8},"end":{"line":222,"column":9928}},"42":{"start":{"line":230,"column":8},"end":{"line":230,"column":39}},"43":{"start":{"line":234,"column":8},"end":{"line":234,"column":65}},"44":{"start":{"line":235,"column":8},"end":{"line":235,"column":65}},"45":{"start":{"line":236,"column":8},"end":{"line":236,"column":62}},"46":{"start":{"line":236,"column":50},"end":{"line":236,"column":62}},"47":{"start":{"line":237,"column":8},"end":{"line":237,"column":10545}},"48":{"start":{"line":244,"column":8},"end":{"line":244,"column":56}},"49":{"start":{"line":245,"column":8},"end":{"line":245,"column":35}},"50":{"start":{"line":249,"column":8},"end":{"line":249,"column":36}},"51":{"start":{"line":250,"column":8},"end":{"line":250,"column":52}},"52":{"start":{"line":250,"column":23},"end":{"line":250,"column":52}},"53":{"start":{"line":251,"column":8},"end":{"line":251,"column":62}},"54":{"start":{"line":251,"column":23},"end":{"line":251,"column":62}},"55":{"start":{"line":252,"column":8},"end":{"line":252,"column":54}},"56":{"start":{"line":252,"column":25},"end":{"line":252,"column":54}},"57":{"start":{"line":253,"column":8},"end":{"line":253,"column":28}},"58":{"start":{"line":278,"column":8},"end":{"line":278,"column":71}},"59":{"start":{"line":279,"column":8},"end":{"line":279,"column":32}},"60":{"start":{"line":281,"column":8},"end":{"line":281,"column":91}},"61":{"start":{"line":282,"column":8},"end":{"line":282,"column":91}},"62":{"start":{"line":284,"column":8},"end":{"line":284,"column":116}},"63":{"start":{"line":285,"column":8},"end":{"line":285,"column":33}},"64":{"start":{"line":286,"column":8},"end":{"line":286,"column":12865}},"65":{"start":{"line":287,"column":13},"end":{"line":287,"column":44}},"66":{"start":{"line":289,"column":8},"end":{"line":289,"column":96}},"67":{"start":{"line":291,"column":8},"end":{"line":291,"column":72}},"68":{"start":{"line":292,"column":8},"end":{"line":292,"column":69}},"69":{"start":{"line":293,"column":8},"end":{"line":293,"column":84}},"70":{"start":{"line":294,"column":8},"end":{"line":294,"column":89}},"71":{"start":{"line":296,"column":8},"end":{"line":296,"column":33}},"72":{"start":{"line":297,"column":8},"end":{"line":297,"column":33}},"73":{"start":{"line":299,"column":8},"end":{"line":299,"column":13414}},"74":{"start":{"line":304,"column":8},"end":{"line":304,"column":13656}},"75":{"start":{"line":305,"column":12},"end":{"line":305,"column":79}},"76":{"start":{"line":308,"column":8},"end":{"line":308,"column":70}},"77":{"start":{"line":309,"column":8},"end":{"line":309,"column":27}},"78":{"start":{"line":313,"column":8},"end":{"line":313,"column":58}},"79":{"start":{"line":313,"column":30},"end":{"line":313,"column":58}},"80":{"start":{"line":314,"column":8},"end":{"line":314,"column":14102}},"81":{"start":{"line":315,"column":12},"end":{"line":315,"column":39}},"82":{"start":{"line":316,"column":8},"end":{"line":316,"column":91}},"83":{"start":{"line":317,"column":8},"end":{"line":317,"column":91}},"84":{"start":{"line":318,"column":8},"end":{"line":318,"column":73}},"85":{"start":{"line":318,"column":38},"end":{"line":318,"column":73}},"86":{"start":{"line":319,"column":8},"end":{"line":319,"column":77}},"87":{"start":{"line":319,"column":44},"end":{"line":319,"column":77}},"88":{"start":{"line":320,"column":8},"end":{"line":320,"column":25}},"89":{"start":{"line":324,"column":8},"end":{"line":324,"column":46}},"90":{"start":{"line":325,"column":8},"end":{"line":325,"column":38}}},"branchMap":{"1":{"line":120,"type":"if","locations":[{"start":{"line":120,"column":66},"end":{"line":120,"column":66}},{"start":{"line":120,"column":66},"end":{"line":120,"column":66}}]},"2":{"line":121,"type":"if","locations":[{"start":{"line":121,"column":8},"end":{"line":121,"column":8}},{"start":{"line":121,"column":8},"end":{"line":121,"column":8}}]},"3":{"line":122,"type":"if","locations":[{"start":{"line":122,"column":8},"end":{"line":122,"column":8}},{"start":{"line":122,"column":8},"end":{"line":122,"column":8}}]},"4":{"line":123,"type":"if","locations":[{"start":{"line":123,"column":8},"end":{"line":123,"column":8}},{"start":{"line":123,"column":8},"end":{"line":123,"column":8}}]},"5":{"line":124,"type":"if","locations":[{"start":{"line":124,"column":8},"end":{"line":124,"column":8}},{"start":{"line":124,"column":8},"end":{"line":124,"column":8}}]},"6":{"line":125,"type":"if","locations":[{"start":{"line":125,"column":8},"end":{"line":125,"column":8}},{"start":{"line":125,"column":8},"end":{"line":125,"column":8}}]},"7":{"line":126,"type":"if","locations":[{"start":{"line":126,"column":8},"end":{"line":126,"column":8}},{"start":{"line":126,"column":8},"end":{"line":126,"column":8}}]},"8":{"line":128,"type":"if","locations":[{"start":{"line":128,"column":8},"end":{"line":128,"column":8}},{"start":{"line":128,"column":8},"end":{"line":128,"column":8}}]},"9":{"line":151,"type":"if","locations":[{"start":{"line":151,"column":8},"end":{"line":151,"column":8}},{"start":{"line":151,"column":8},"end":{"line":151,"column":8}}]},"10":{"line":160,"type":"if","locations":[{"start":{"line":160,"column":69},"end":{"line":160,"column":69}},{"start":{"line":160,"column":73},"end":{"line":160,"column":73}}]},"11":{"line":161,"type":"if","locations":[{"start":{"line":161,"column":62},"end":{"line":161,"column":78}},{"start":{"line":161,"column":82},"end":{"line":161,"column":98}}]},"12":{"line":164,"type":"if","locations":[{"start":{"line":164,"column":75},"end":{"line":164,"column":102}},{"start":{"line":164,"column":106},"end":{"line":164,"column":133}}]},"13":{"line":165,"type":"if","locations":[{"start":{"line":165,"column":74},"end":{"line":165,"column":100}},{"start":{"line":165,"column":104},"end":{"line":165,"column":130}}]},"14":{"line":166,"type":"if","locations":[{"start":{"line":166,"column":79},"end":{"line":166,"column":110}},{"start":{"line":166,"column":114},"end":{"line":166,"column":145}}]},"15":{"line":177,"type":"if","locations":[{"start":{"line":177,"column":8},"end":{"line":177,"column":8}},{"start":{"line":177,"column":8},"end":{"line":177,"column":8}}]},"16":{"line":178,"type":"if","locations":[{"start":{"line":178,"column":12},"end":{"line":178,"column":12}},{"start":{"line":178,"column":12},"end":{"line":178,"column":12}}]},"17":{"line":179,"type":"if","locations":[{"start":{"line":179,"column":17},"end":{"line":179,"column":17}},{"start":{"line":179,"column":17},"end":{"line":179,"column":17}}]},"18":{"line":183,"type":"if","locations":[{"start":{"line":183,"column":8},"end":{"line":183,"column":8}},{"start":{"line":183,"column":8},"end":{"line":183,"column":8}}]},"19":{"line":184,"type":"if","locations":[{"start":{"line":184,"column":8},"end":{"line":184,"column":8}},{"start":{"line":184,"column":8},"end":{"line":184,"column":8}}]},"20":{"line":185,"type":"if","locations":[{"start":{"line":185,"column":8},"end":{"line":185,"column":8}},{"start":{"line":185,"column":8},"end":{"line":185,"column":8}}]},"21":{"line":201,"type":"if","locations":[{"start":{"line":201,"column":8},"end":{"line":201,"column":8}},{"start":{"line":201,"column":8},"end":{"line":201,"column":8}}]},"22":{"line":236,"type":"if","locations":[{"start":{"line":236,"column":8},"end":{"line":236,"column":8}},{"start":{"line":236,"column":8},"end":{"line":236,"column":8}}]},"23":{"line":236,"type":"cond-expr","locations":[{"start":{"line":236,"column":12},"end":{"line":236,"column":27}},{"start":{"line":236,"column":32},"end":{"line":236,"column":47}}]},"24":{"line":238,"type":"cond-expr","locations":[{"start":{"line":238,"column":12},"end":{"line":238,"column":69}},{"start":{"line":239,"column":12},"end":{"line":239,"column":69}}]},"25":{"line":250,"type":"if","locations":[{"start":{"line":250,"column":8},"end":{"line":250,"column":8}},{"start":{"line":250,"column":8},"end":{"line":250,"column":8}}]},"26":{"line":251,"type":"if","locations":[{"start":{"line":251,"column":8},"end":{"line":251,"column":8}},{"start":{"line":251,"column":8},"end":{"line":251,"column":8}}]},"27":{"line":251,"type":"if","locations":[{"start":{"line":251,"column":42},"end":{"line":251,"column":49}},{"start":{"line":251,"column":53},"end":{"line":251,"column":53}}]},"28":{"line":252,"type":"if","locations":[{"start":{"line":252,"column":8},"end":{"line":252,"column":8}},{"start":{"line":252,"column":8},"end":{"line":252,"column":8}}]},"29":{"line":260,"type":"if","locations":[{"start":{"line":260,"column":55},"end":{"line":260,"column":55}},{"start":{"line":260,"column":55},"end":{"line":260,"column":55}}]},"30":{"line":261,"type":"if","locations":[{"start":{"line":261,"column":59},"end":{"line":261,"column":59}},{"start":{"line":261,"column":59},"end":{"line":261,"column":59}}]},"31":{"line":262,"type":"if","locations":[{"start":{"line":262,"column":53},"end":{"line":262,"column":53}},{"start":{"line":262,"column":53},"end":{"line":262,"column":53}}]},"32":{"line":263,"type":"if","locations":[{"start":{"line":263,"column":86},"end":{"line":263,"column":86}},{"start":{"line":263,"column":86},"end":{"line":263,"column":86}}]},"33":{"line":269,"type":"if","locations":[{"start":{"line":269,"column":62},"end":{"line":269,"column":62}},{"start":{"line":269,"column":62},"end":{"line":269,"column":62}}]},"34":{"line":277,"type":"if","locations":[{"start":{"line":277,"column":59},"end":{"line":277,"column":59}},{"start":{"line":277,"column":59},"end":{"line":277,"column":59}}]},"35":{"line":279,"type":"if","locations":[{"start":{"line":279,"column":8},"end":{"line":279,"column":8}},{"start":{"line":279,"column":8},"end":{"line":279,"column":8}}]},"36":{"line":286,"type":"if","locations":[{"start":{"line":286,"column":8},"end":{"line":286,"column":8}},{"start":{"line":286,"column":8},"end":{"line":286,"column":8}}]},"37":{"line":287,"type":"if","locations":[{"start":{"line":287,"column":13},"end":{"line":287,"column":13}},{"start":{"line":287,"column":13},"end":{"line":287,"column":13}}]},"38":{"line":289,"type":"if","locations":[{"start":{"line":289,"column":8},"end":{"line":289,"column":8}},{"start":{"line":289,"column":8},"end":{"line":289,"column":8}}]},"39":{"line":304,"type":"if","locations":[{"start":{"line":304,"column":8},"end":{"line":304,"column":8}},{"start":{"line":304,"column":8},"end":{"line":304,"column":8}}]},"40":{"line":313,"type":"if","locations":[{"start":{"line":313,"column":8},"end":{"line":313,"column":8}},{"start":{"line":313,"column":8},"end":{"line":313,"column":8}}]},"41":{"line":314,"type":"if","locations":[{"start":{"line":314,"column":8},"end":{"line":314,"column":8}},{"start":{"line":314,"column":8},"end":{"line":314,"column":8}}]},"42":{"line":314,"type":"cond-expr","locations":[{"start":{"line":314,"column":12},"end":{"line":314,"column":54}},{"start":{"line":314,"column":59},"end":{"line":314,"column":101}}]},"43":{"line":318,"type":"if","locations":[{"start":{"line":318,"column":8},"end":{"line":318,"column":8}},{"start":{"line":318,"column":8},"end":{"line":318,"column":8}}]},"44":{"line":318,"type":"cond-expr","locations":[{"start":{"line":318,"column":12},"end":{"line":318,"column":21}},{"start":{"line":318,"column":26},"end":{"line":318,"column":35}}]},"45":{"line":319,"type":"if","locations":[{"start":{"line":319,"column":8},"end":{"line":319,"column":8}},{"start":{"line":319,"column":8},"end":{"line":319,"column":8}}]},"46":{"line":319,"type":"cond-expr","locations":[{"start":{"line":319,"column":12},"end":{"line":319,"column":24}},{"start":{"line":319,"column":29},"end":{"line":319,"column":41}}]},"47":{"line":325,"type":"if","locations":[{"start":{"line":325,"column":28},"end":{"line":325,"column":30}},{"start":{"line":325,"column":34},"end":{"line":325,"column":37}}]}}},"contracts\\CharacterStaking.sol":{"l":{"89":33,"90":33,"93":33,"105":31,"107":29,"109":28,"115":28,"117":28,"118":3,"121":28,"129":3,"132":3,"135":3,"136":3,"139":3,"141":3,"148":5,"149":5,"151":5,"152":5,"153":5,"156":5,"158":5,"159":3,"162":5,"173":6,"177":8,"185":4,"189":1,"190":1,"194":1,"195":1,"199":0,"203":1,"207":1,"214":1,"216":1,"217":1,"219":1,"220":1,"228":11,"229":11,"231":11,"232":12,"235":11,"239":15,"240":2,"243":13,"244":13,"247":13,"248":13,"250":13,"251":1,"254":13,"255":0,"258":13,"262":3,"263":3,"265":3,"266":3,"267":3,"268":3,"269":3,"273":3,"274":2,"275":2,"280":4,"281":4,"282":4,"283":4,"284":4,"285":4},"path":"D:\\PFE\\dynamic-nft-game\\contracts\\CharacterStaking.sol","s":{"1":31,"2":29,"3":28,"4":28,"5":3,"6":28,"7":3,"8":3,"9":3,"10":3,"11":3,"12":5,"13":5,"14":5,"15":5,"16":5,"17":5,"18":3,"19":5,"20":6,"21":8,"22":1,"23":1,"24":1,"25":1,"26":1,"27":1,"28":1,"29":1,"30":11,"31":11,"32":11,"33":11,"34":15,"35":2,"36":13,"37":13,"38":13,"39":13,"40":13,"41":13,"42":13,"43":3,"44":3,"45":3,"46":3,"47":3,"48":2,"49":2,"50":4,"51":4,"52":4,"53":4},"b":{"1":[32,0],"2":[31,1],"3":[29,2],"4":[3,25],"5":[3,0],"6":[3,0],"7":[5,0],"8":[5,0],"9":[5,0],"10":[3,2],"11":[4,0],"12":[1,1],"13":[1,0],"14":[0,0],"15":[1,0],"16":[1,0],"17":[1,0],"18":[1,0],"19":[2,13],"20":[1,12],"21":[0,13],"22":[3,0],"23":[2,1],"24":[4,0]},"f":{"1":33,"2":31,"3":3,"4":5,"5":6,"6":8,"7":4,"8":1,"9":1,"10":0,"11":1,"12":1,"13":1,"14":11,"15":15,"16":3,"17":4},"fnMap":{"1":{"name":"constructor","line":88,"loc":{"start":{"line":85,"column":4},"end":{"line":94,"column":4}}},"2":{"name":"stake","line":104,"loc":{"start":{"line":104,"column":4},"end":{"line":122,"column":4}}},"3":{"name":"unstake","line":128,"loc":{"start":{"line":128,"column":4},"end":{"line":142,"column":4}}},"4":{"name":"claimRewards","line":147,"loc":{"start":{"line":147,"column":4},"end":{"line":163,"column":4}}},"5":{"name":"calculateRewards","line":172,"loc":{"start":{"line":172,"column":4},"end":{"line":174,"column":4}}},"6":{"name":"getUserStakes","line":176,"loc":{"start":{"line":176,"column":4},"end":{"line":178,"column":4}}},"7":{"name":"setAchievementTrigger","line":184,"loc":{"start":{"line":184,"column":4},"end":{"line":186,"column":4}}},"8":{"name":"setRewardRate","line":188,"loc":{"start":{"line":188,"column":4},"end":{"line":191,"column":4}}},"9":{"name":"setLevelMultiplier","line":193,"loc":{"start":{"line":193,"column":4},"end":{"line":196,"column":4}}},"10":{"name":"setMinStakeTime","line":198,"loc":{"start":{"line":198,"column":4},"end":{"line":200,"column":4}}},"11":{"name":"pause","line":202,"loc":{"start":{"line":202,"column":4},"end":{"line":204,"column":4}}},"12":{"name":"unpause","line":206,"loc":{"start":{"line":206,"column":4},"end":{"line":208,"column":4}}},"13":{"name":"emergencyWithdraw","line":213,"loc":{"start":{"line":213,"column":4},"end":{"line":221,"column":4}}},"14":{"name":"_calculateTotalRewards","line":227,"loc":{"start":{"line":227,"column":4},"end":{"line":236,"column":4}}},"15":{"name":"_calculateTokenReward","line":238,"loc":{"start":{"line":238,"column":4},"end":{"line":259,"column":4}}},"16":{"name":"_claimForToken","line":261,"loc":{"start":{"line":261,"column":4},"end":{"line":277,"column":4}}},"17":{"name":"_removeStake","line":279,"loc":{"start":{"line":279,"column":4},"end":{"line":288,"column":4}}}},"statementMap":{"1":{"start":{"line":105,"column":8},"end":{"line":105,"column":89}},"2":{"start":{"line":107,"column":8},"end":{"line":107,"column":68}},"3":{"start":{"line":109,"column":8},"end":{"line":109,"column":3918}},"4":{"start":{"line":117,"column":8},"end":{"line":117,"column":4147}},"5":{"start":{"line":118,"column":12},"end":{"line":118,"column":66}},"6":{"start":{"line":121,"column":8},"end":{"line":121,"column":57}},"7":{"start":{"line":129,"column":8},"end":{"line":129,"column":80}},"8":{"start":{"line":132,"column":8},"end":{"line":132,"column":30}},"9":{"start":{"line":135,"column":8},"end":{"line":135,"column":40}},"10":{"start":{"line":139,"column":8},"end":{"line":139,"column":68}},"11":{"start":{"line":141,"column":8},"end":{"line":141,"column":59}},"12":{"start":{"line":148,"column":8},"end":{"line":148,"column":64}},"13":{"start":{"line":149,"column":8},"end":{"line":149,"column":54}},"14":{"start":{"line":151,"column":8},"end":{"line":151,"column":59}},"15":{"start":{"line":152,"column":8},"end":{"line":152,"column":5302}},"16":{"start":{"line":156,"column":8},"end":{"line":156,"column":46}},"17":{"start":{"line":158,"column":8},"end":{"line":158,"column":5470}},"18":{"start":{"line":159,"column":12},"end":{"line":159,"column":66}},"19":{"start":{"line":162,"column":8},"end":{"line":162,"column":52}},"20":{"start":{"line":173,"column":8},"end":{"line":173,"column":43}},"21":{"start":{"line":177,"column":8},"end":{"line":177,"column":31}},"22":{"start":{"line":190,"column":8},"end":{"line":190,"column":46}},"23":{"start":{"line":195,"column":8},"end":{"line":195,"column":64}},"24":{"start":{"line":203,"column":8},"end":{"line":203,"column":15}},"25":{"start":{"line":207,"column":8},"end":{"line":207,"column":17}},"26":{"start":{"line":214,"column":8},"end":{"line":214,"column":67}},"27":{"start":{"line":216,"column":8},"end":{"line":216,"column":40}},"28":{"start":{"line":219,"column":8},"end":{"line":219,"column":68}},"29":{"start":{"line":220,"column":8},"end":{"line":220,"column":59}},"30":{"start":{"line":228,"column":8},"end":{"line":228,"column":53}},"31":{"start":{"line":229,"column":8},"end":{"line":229,"column":31}},"32":{"start":{"line":231,"column":8},"end":{"line":231,"column":7947}},"33":{"start":{"line":235,"column":8},"end":{"line":235,"column":26}},"34":{"start":{"line":239,"column":8},"end":{"line":239,"column":8205}},"35":{"start":{"line":240,"column":12},"end":{"line":240,"column":20}},"36":{"start":{"line":243,"column":8},"end":{"line":243,"column":68}},"37":{"start":{"line":244,"column":8},"end":{"line":244,"column":52}},"38":{"start":{"line":247,"column":8},"end":{"line":247,"column":105}},"39":{"start":{"line":248,"column":8},"end":{"line":248,"column":65}},"40":{"start":{"line":250,"column":8},"end":{"line":250,"column":8647}},"41":{"start":{"line":254,"column":8},"end":{"line":254,"column":8738}},"42":{"start":{"line":258,"column":8},"end":{"line":258,"column":21}},"43":{"start":{"line":262,"column":8},"end":{"line":262,"column":59}},"44":{"start":{"line":263,"column":8},"end":{"line":263,"column":26}},"45":{"start":{"line":265,"column":8},"end":{"line":265,"column":8996}},"46":{"start":{"line":266,"column":12},"end":{"line":266,"column":9058}},"47":{"start":{"line":273,"column":8},"end":{"line":273,"column":9262}},"48":{"start":{"line":274,"column":12},"end":{"line":274,"column":45}},"49":{"start":{"line":275,"column":12},"end":{"line":275,"column":51}},"50":{"start":{"line":280,"column":8},"end":{"line":280,"column":53}},"51":{"start":{"line":281,"column":8},"end":{"line":281,"column":9529}},"52":{"start":{"line":282,"column":12},"end":{"line":282,"column":9591}},"53":{"start":{"line":284,"column":16},"end":{"line":284,"column":27}}},"branchMap":{"1":{"line":104,"type":"if","locations":[{"start":{"line":104,"column":45},"end":{"line":104,"column":45}},{"start":{"line":104,"column":45},"end":{"line":104,"column":45}}]},"2":{"line":104,"type":"if","locations":[{"start":{"line":104,"column":58},"end":{"line":104,"column":58}},{"start":{"line":104,"column":58},"end":{"line":104,"column":58}}]},"3":{"line":105,"type":"if","locations":[{"start":{"line":105,"column":8},"end":{"line":105,"column":8}},{"start":{"line":105,"column":8},"end":{"line":105,"column":8}}]},"4":{"line":117,"type":"if","locations":[{"start":{"line":117,"column":8},"end":{"line":117,"column":8}},{"start":{"line":117,"column":8},"end":{"line":117,"column":8}}]},"5":{"line":128,"type":"if","locations":[{"start":{"line":128,"column":47},"end":{"line":128,"column":47}},{"start":{"line":128,"column":47},"end":{"line":128,"column":47}}]},"6":{"line":129,"type":"if","locations":[{"start":{"line":129,"column":8},"end":{"line":129,"column":8}},{"start":{"line":129,"column":8},"end":{"line":129,"column":8}}]},"7":{"line":147,"type":"if","locations":[{"start":{"line":147,"column":37},"end":{"line":147,"column":37}},{"start":{"line":147,"column":37},"end":{"line":147,"column":37}}]},"8":{"line":147,"type":"if","locations":[{"start":{"line":147,"column":50},"end":{"line":147,"column":50}},{"start":{"line":147,"column":50},"end":{"line":147,"column":50}}]},"9":{"line":149,"type":"if","locations":[{"start":{"line":149,"column":8},"end":{"line":149,"column":8}},{"start":{"line":149,"column":8},"end":{"line":149,"column":8}}]},"10":{"line":158,"type":"if","locations":[{"start":{"line":158,"column":8},"end":{"line":158,"column":8}},{"start":{"line":158,"column":8},"end":{"line":158,"column":8}}]},"11":{"line":184,"type":"if","locations":[{"start":{"line":184,"column":62},"end":{"line":184,"column":62}},{"start":{"line":184,"column":62},"end":{"line":184,"column":62}}]},"12":{"line":188,"type":"if","locations":[{"start":{"line":188,"column":59},"end":{"line":188,"column":59}},{"start":{"line":188,"column":59},"end":{"line":188,"column":59}}]},"13":{"line":193,"type":"if","locations":[{"start":{"line":193,"column":84},"end":{"line":193,"column":84}},{"start":{"line":193,"column":84},"end":{"line":193,"column":84}}]},"14":{"line":198,"type":"if","locations":[{"start":{"line":198,"column":53},"end":{"line":198,"column":53}},{"start":{"line":198,"column":53},"end":{"line":198,"column":53}}]},"15":{"line":202,"type":"if","locations":[{"start":{"line":202,"column":30},"end":{"line":202,"column":30}},{"start":{"line":202,"column":30},"end":{"line":202,"column":30}}]},"16":{"line":206,"type":"if","locations":[{"start":{"line":206,"column":32},"end":{"line":206,"column":32}},{"start":{"line":206,"column":32},"end":{"line":206,"column":32}}]},"17":{"line":213,"type":"if","locations":[{"start":{"line":213,"column":57},"end":{"line":213,"column":57}},{"start":{"line":213,"column":57},"end":{"line":213,"column":57}}]},"18":{"line":214,"type":"if","locations":[{"start":{"line":214,"column":8},"end":{"line":214,"column":8}},{"start":{"line":214,"column":8},"end":{"line":214,"column":8}}]},"19":{"line":239,"type":"if","locations":[{"start":{"line":239,"column":8},"end":{"line":239,"column":8}},{"start":{"line":239,"column":8},"end":{"line":239,"column":8}}]},"20":{"line":250,"type":"if","locations":[{"start":{"line":250,"column":8},"end":{"line":250,"column":8}},{"start":{"line":250,"column":8},"end":{"line":250,"column":8}}]},"21":{"line":254,"type":"if","locations":[{"start":{"line":254,"column":8},"end":{"line":254,"column":8}},{"start":{"line":254,"column":8},"end":{"line":254,"column":8}}]},"22":{"line":266,"type":"if","locations":[{"start":{"line":266,"column":12},"end":{"line":266,"column":12}},{"start":{"line":266,"column":12},"end":{"line":266,"column":12}}]},"23":{"line":273,"type":"if","locations":[{"start":{"line":273,"column":8},"end":{"line":273,"column":8}},{"start":{"line":273,"column":8},"end":{"line":273,"column":8}}]},"24":{"line":282,"type":"if","locations":[{"start":{"line":282,"column":12},"end":{"line":282,"column":12}},{"start":{"line":282,"column":12},"end":{"line":282,"column":12}}]}}},"contracts\\DailyQuest.sol":{"l":{"85":10,"86":10,"87":10,"88":10,"89":10,"90":10,"98":0,"99":0,"103":6,"105":6,"106":6,"107":6,"115":6,"126":5,"127":1,"129":5,"131":5,"132":5,"133":5,"135":5,"136":5,"138":5,"148":5,"149":5,"161":3,"162":3,"163":3,"168":2,"169":2,"172":2,"173":2,"175":2,"183":4,"184":4,"185":4,"187":4,"191":0,"199":0,"203":0,"204":0,"205":0,"213":5,"220":5},"path":"D:\\PFE\\dynamic-nft-game\\contracts\\DailyQuest.sol","s":{"1":6,"2":0,"3":6,"4":6,"5":6,"6":5,"7":5,"8":5,"9":5,"10":5,"11":5,"12":5,"13":3,"14":3,"15":3,"16":2,"17":2,"18":2,"19":4,"20":4,"21":4,"22":0,"23":5,"24":5},"b":{"1":[0,6],"2":[3,0],"3":[3,0],"4":[3,0],"5":[2,1],"6":[0,0],"7":[0,0]},"f":{"1":10,"2":0,"3":6,"4":6,"5":5,"6":3,"7":4,"8":0,"9":0,"10":0,"11":5},"fnMap":{"1":{"name":"constructor","line":84,"loc":{"start":{"line":78,"column":4},"end":{"line":91,"column":4}}},"2":{"name":"checkUpkeep","line":97,"loc":{"start":{"line":97,"column":4},"end":{"line":100,"column":4}}},"3":{"name":"performUpkeep","line":102,"loc":{"start":{"line":102,"column":4},"end":{"line":108,"column":4}}},"4":{"name":"_requestNewQuest","line":114,"loc":{"start":{"line":114,"column":4},"end":{"line":122,"column":4}}},"5":{"name":"fulfillRandomWords","line":124,"loc":{"start":{"line":124,"column":4},"end":{"line":150,"column":4}}},"6":{"name":"completeQuest","line":160,"loc":{"start":{"line":160,"column":4},"end":{"line":176,"column":4}}},"7":{"name":"getActiveQuests","line":182,"loc":{"start":{"line":182,"column":4},"end":{"line":188,"column":4}}},"8":{"name":"getPlayerProgress","line":190,"loc":{"start":{"line":190,"column":4},"end":{"line":192,"column":4}}},"9":{"name":"setUpdateInterval","line":198,"loc":{"start":{"line":198,"column":4},"end":{"line":200,"column":4}}},"10":{"name":"setVRFConfig","line":202,"loc":{"start":{"line":202,"column":4},"end":{"line":206,"column":4}}},"11":{"name":"_generateDescription","line":212,"loc":{"start":{"line":212,"column":4},"end":{"line":221,"column":4}}}},"statementMap":{"1":{"start":{"line":103,"column":8},"end":{"line":103,"column":76}},"2":{"start":{"line":103,"column":70},"end":{"line":103,"column":76}},"3":{"start":{"line":106,"column":8},"end":{"line":106,"column":25}},"4":{"start":{"line":107,"column":8},"end":{"line":107,"column":44}},"5":{"start":{"line":115,"column":8},"end":{"line":115,"column":4148}},"6":{"start":{"line":126,"column":8},"end":{"line":126,"column":4482}},"7":{"start":{"line":132,"column":8},"end":{"line":132,"column":58}},"8":{"start":{"line":133,"column":8},"end":{"line":133,"column":72}},"9":{"start":{"line":135,"column":8},"end":{"line":135,"column":51}},"10":{"start":{"line":136,"column":8},"end":{"line":136,"column":62}},"11":{"start":{"line":148,"column":8},"end":{"line":148,"column":42}},"12":{"start":{"line":149,"column":8},"end":{"line":149,"column":68}},"13":{"start":{"line":161,"column":8},"end":{"line":161,"column":60}},"14":{"start":{"line":162,"column":8},"end":{"line":162,"column":76}},"15":{"start":{"line":163,"column":8},"end":{"line":163,"column":83}},"16":{"start":{"line":172,"column":8},"end":{"line":172,"column":82}},"17":{"start":{"line":173,"column":8},"end":{"line":173,"column":62}},"18":{"start":{"line":175,"column":8},"end":{"line":175,"column":61}},"19":{"start":{"line":183,"column":8},"end":{"line":183,"column":72}},"20":{"start":{"line":184,"column":8},"end":{"line":184,"column":6851}},"21":{"start":{"line":187,"column":8},"end":{"line":187,"column":27}},"22":{"start":{"line":191,"column":8},"end":{"line":191,"column":46}},"23":{"start":{"line":213,"column":8},"end":{"line":213,"column":7964}},"24":{"start":{"line":220,"column":8},"end":{"line":220,"column":37}}},"branchMap":{"1":{"line":103,"type":"if","locations":[{"start":{"line":103,"column":8},"end":{"line":103,"column":8}},{"start":{"line":103,"column":8},"end":{"line":103,"column":8}}]},"2":{"line":160,"type":"if","locations":[{"start":{"line":160,"column":74},"end":{"line":160,"column":74}},{"start":{"line":160,"column":74},"end":{"line":160,"column":74}}]},"3":{"line":161,"type":"if","locations":[{"start":{"line":161,"column":8},"end":{"line":161,"column":8}},{"start":{"line":161,"column":8},"end":{"line":161,"column":8}}]},"4":{"line":162,"type":"if","locations":[{"start":{"line":162,"column":8},"end":{"line":162,"column":8}},{"start":{"line":162,"column":8},"end":{"line":162,"column":8}}]},"5":{"line":163,"type":"if","locations":[{"start":{"line":163,"column":8},"end":{"line":163,"column":8}},{"start":{"line":163,"column":8},"end":{"line":163,"column":8}}]},"6":{"line":198,"type":"if","locations":[{"start":{"line":198,"column":59},"end":{"line":198,"column":59}},{"start":{"line":198,"column":59},"end":{"line":198,"column":59}}]},"7":{"line":202,"type":"if","locations":[{"start":{"line":202,"column":86},"end":{"line":202,"column":86}},{"start":{"line":202,"column":86},"end":{"line":202,"column":86}}]}}},"contracts\\GameCharacter.sol":{"l":{"204":144,"205":2,"207":142,"216":91,"232":89,"233":89,"234":89,"235":89,"237":89,"238":89,"239":89,"240":89,"241":89,"242":89,"244":89,"245":89,"246":89,"248":89,"258":57,"264":1,"271":9,"283":142,"284":142,"285":142,"287":142,"288":2,"291":140,"292":140,"294":140,"296":140,"318":140,"326":140,"327":140,"329":140,"330":140,"332":140,"333":11,"336":140,"354":4,"355":4,"357":4,"359":4,"374":4,"375":4,"376":4,"378":4,"379":4,"380":4,"381":0,"384":4,"385":2,"388":4,"393":8,"394":8,"406":135,"407":1,"409":134,"410":1,"413":133,"414":133,"415":0,"418":133,"419":133,"421":133,"426":2,"427":0,"429":2,"443":1,"444":0,"447":1,"448":1,"449":1,"451":1,"465":134,"466":134,"467":134,"468":134,"469":134,"471":134,"472":353,"474":353,"475":220,"476":220,"477":220,"478":220,"479":220,"481":220,"483":220,"484":13,"488":220,"489":220,"490":220,"491":220,"492":220,"494":133,"498":134,"516":78,"517":1,"519":77,"526":463,"527":463,"534":7,"535":1,"537":6,"538":6,"543":1,"554":22,"555":22,"556":0,"560":22,"561":22,"562":22,"564":22,"565":22,"566":22,"568":22,"569":22,"571":22,"589":9,"590":9,"599":2,"600":2,"605":3,"606":0,"608":3,"609":3,"610":3,"615":3,"616":3,"617":3,"618":1,"619":1,"621":1,"623":1,"624":1,"625":1,"633":3,"634":3,"639":5,"640":0,"642":5,"643":5,"648":0,"653":0,"658":10,"663":4,"676":42,"677":42,"679":42,"681":42,"703":42,"705":42,"713":42,"714":42,"716":42,"718":42,"729":142,"730":142},"path":"D:\\PFE\\dynamic-nft-game\\contracts\\GameCharacter.sol","s":{"1":144,"2":91,"3":89,"4":89,"5":89,"6":89,"7":89,"8":9,"9":142,"10":142,"11":142,"12":142,"13":140,"14":140,"15":140,"16":140,"17":140,"18":140,"19":140,"20":11,"21":140,"22":4,"23":4,"24":4,"25":4,"26":4,"27":4,"28":0,"29":4,"30":2,"31":4,"32":8,"33":8,"34":135,"35":134,"36":133,"37":133,"38":133,"39":133,"40":2,"41":2,"42":1,"43":1,"44":134,"45":134,"46":134,"47":134,"48":134,"49":134,"50":353,"51":353,"52":220,"53":220,"54":13,"55":134,"56":78,"57":77,"58":463,"59":0,"60":463,"61":7,"62":6,"63":6,"64":1,"65":22,"66":22,"67":22,"68":22,"69":22,"70":22,"71":22,"72":22,"73":3,"74":0,"75":3,"76":3,"77":3,"78":3,"79":3,"80":1,"81":1,"82":1,"83":1,"84":3,"85":0,"86":3,"87":5,"88":5,"89":42,"90":42,"91":42,"92":42,"93":42,"94":42,"95":42,"96":142,"97":142},"b":{"1":[2,142],"2":[89,1],"3":[57,1],"4":[1,1],"5":[142,2],"6":[142,0],"7":[2,140],"8":[11,129],"9":[4,0],"10":[0,4],"11":[2,2],"12":[0,8],"13":[135,1],"14":[1,134],"15":[1,133],"16":[0,133],"17":[2,0],"18":[0,2],"19":[1,1],"20":[0,1],"21":[220,133],"22":[13,207],"23":[1,77],"24":[0,463],"25":[1,6],"26":[0,22],"27":[9,0],"28":[0,3],"29":[1,2],"30":[1,0],"31":[0,3],"32":[0,5],"33":[0,0],"34":[0,0],"35":[10,0],"36":[4,0],"37":[42,0],"38":[42,0],"39":[102,29],"40":[29,9],"41":[2,1]},"f":{"1":144,"2":91,"3":89,"4":57,"5":1,"6":9,"7":142,"8":4,"9":8,"10":135,"11":2,"12":1,"13":134,"14":78,"15":463,"16":7,"17":1,"18":22,"19":9,"20":2,"21":3,"22":3,"23":3,"24":5,"25":0,"26":0,"27":10,"28":4,"29":42,"30":142,"31":2},"fnMap":{"1":{"name":"onlyAuthorized","line":203,"loc":{"start":{"line":203,"column":4},"end":{"line":208,"column":4}}},"2":{"name":"constructor","line":215,"loc":{"start":{"line":215,"column":4},"end":{"line":217,"column":4}}},"3":{"name":"initialize","line":231,"loc":{"start":{"line":225,"column":4},"end":{"line":249,"column":4}}},"4":{"name":"addAuthorizedAddress","line":257,"loc":{"start":{"line":257,"column":4},"end":{"line":259,"column":4}}},"5":{"name":"removeAuthorizedAddress","line":263,"loc":{"start":{"line":263,"column":4},"end":{"line":265,"column":4}}},"6":{"name":"isAuthorized","line":270,"loc":{"start":{"line":270,"column":4},"end":{"line":272,"column":4}}},"7":{"name":"mintCharacter","line":282,"loc":{"start":{"line":282,"column":4},"end":{"line":337,"column":4}}},"8":{"name":"mintOffspring","line":353,"loc":{"start":{"line":340,"column":4},"end":{"line":389,"column":4}}},"9":{"name":"getParents","line":392,"loc":{"start":{"line":392,"column":4},"end":{"line":395,"column":4}}},"10":{"name":"gainExperience","line":405,"loc":{"start":{"line":405,"column":4},"end":{"line":422,"column":4}}},"11":{"name":"burn","line":425,"loc":{"start":{"line":425,"column":4},"end":{"line":430,"column":4}}},"12":{"name":"boostTraits","line":442,"loc":{"start":{"line":437,"column":4},"end":{"line":459,"column":4}}},"13":{"name":"_checkLevelUp","line":464,"loc":{"start":{"line":464,"column":4},"end":{"line":506,"column":4}}},"14":{"name":"getCharacterTraits","line":515,"loc":{"start":{"line":515,"column":4},"end":{"line":520,"column":4}}},"15":{"name":"calculateXPForLevel","line":525,"loc":{"start":{"line":525,"column":4},"end":{"line":528,"column":4}}},"16":{"name":"getCharacterPower","line":533,"loc":{"start":{"line":533,"column":4},"end":{"line":539,"column":4}}},"17":{"name":"getMaxLevel","line":542,"loc":{"start":{"line":542,"column":4},"end":{"line":544,"column":4}}},"18":{"name":"fulfillRandomWords","line":553,"loc":{"start":{"line":553,"column":4},"end":{"line":579,"column":4}}},"19":{"name":"setVRFConfig","line":588,"loc":{"start":{"line":588,"column":4},"end":{"line":591,"column":4}}},"20":{"name":"checkUpkeep","line":598,"loc":{"start":{"line":598,"column":4},"end":{"line":601,"column":4}}},"21":{"name":"performUpkeep","line":604,"loc":{"start":{"line":604,"column":4},"end":{"line":611,"column":4}}},"22":{"name":"_distributePassiveXP","line":614,"loc":{"start":{"line":614,"column":4},"end":{"line":629,"column":4}}},"23":{"name":"_isStaked","line":632,"loc":{"start":{"line":632,"column":4},"end":{"line":635,"column":4}}},"24":{"name":"enableAutoXP","line":638,"loc":{"start":{"line":638,"column":4},"end":{"line":644,"column":4}}},"25":{"name":"setUpdateInterval","line":647,"loc":{"start":{"line":647,"column":4},"end":{"line":649,"column":4}}},"26":{"name":"setPassiveXPAmount","line":652,"loc":{"start":{"line":652,"column":4},"end":{"line":654,"column":4}}},"27":{"name":"setStakingContract","line":657,"loc":{"start":{"line":657,"column":4},"end":{"line":659,"column":4}}},"28":{"name":"setAchievementTrigger","line":662,"loc":{"start":{"line":662,"column":4},"end":{"line":664,"column":4}}},"29":{"name":"adminMintCharacter","line":675,"loc":{"start":{"line":672,"column":4},"end":{"line":719,"column":4}}},"30":{"name":"_isValidCharacterClass","line":728,"loc":{"start":{"line":728,"column":4},"end":{"line":735,"column":4}}},"31":{"name":"_authorizeUpgrade","line":739,"loc":{"start":{"line":739,"column":4},"end":{"line":739,"column":87}}}},"statementMap":{"1":{"start":{"line":204,"column":8},"end":{"line":204,"column":9636}},"2":{"start":{"line":216,"column":8},"end":{"line":216,"column":29}},"3":{"start":{"line":232,"column":8},"end":{"line":232,"column":36}},"4":{"start":{"line":233,"column":8},"end":{"line":233,"column":23}},"5":{"start":{"line":234,"column":8},"end":{"line":234,"column":31}},"6":{"start":{"line":235,"column":8},"end":{"line":235,"column":31}},"7":{"start":{"line":248,"column":8},"end":{"line":248,"column":34}},"8":{"start":{"line":271,"column":8},"end":{"line":271,"column":48}},"9":{"start":{"line":283,"column":8},"end":{"line":283,"column":55}},"10":{"start":{"line":284,"column":8},"end":{"line":284,"column":59}},"11":{"start":{"line":285,"column":8},"end":{"line":285,"column":62}},"12":{"start":{"line":287,"column":8},"end":{"line":287,"column":13082}},"13":{"start":{"line":291,"column":8},"end":{"line":291,"column":54}},"14":{"start":{"line":292,"column":8},"end":{"line":292,"column":34}},"15":{"start":{"line":294,"column":8},"end":{"line":294,"column":40}},"16":{"start":{"line":318,"column":8},"end":{"line":318,"column":14069}},"17":{"start":{"line":329,"column":8},"end":{"line":329,"column":49}},"18":{"start":{"line":330,"column":8},"end":{"line":330,"column":68}},"19":{"start":{"line":332,"column":8},"end":{"line":332,"column":14512}},"20":{"start":{"line":333,"column":12},"end":{"line":333,"column":75}},"21":{"start":{"line":336,"column":8},"end":{"line":336,"column":25}},"22":{"start":{"line":354,"column":8},"end":{"line":354,"column":54}},"23":{"start":{"line":355,"column":8},"end":{"line":355,"column":34}},"24":{"start":{"line":357,"column":8},"end":{"line":357,"column":32}},"25":{"start":{"line":378,"column":8},"end":{"line":378,"column":60}},"26":{"start":{"line":379,"column":8},"end":{"line":379,"column":89}},"27":{"start":{"line":380,"column":8},"end":{"line":380,"column":16184}},"28":{"start":{"line":381,"column":12},"end":{"line":381,"column":59}},"29":{"start":{"line":384,"column":8},"end":{"line":384,"column":16293}},"30":{"start":{"line":385,"column":12},"end":{"line":385,"column":67}},"31":{"start":{"line":388,"column":8},"end":{"line":388,"column":25}},"32":{"start":{"line":393,"column":8},"end":{"line":393,"column":68}},"33":{"start":{"line":394,"column":8},"end":{"line":394,"column":32}},"34":{"start":{"line":406,"column":8},"end":{"line":406,"column":17280}},"35":{"start":{"line":409,"column":8},"end":{"line":409,"column":17377}},"36":{"start":{"line":413,"column":8},"end":{"line":413,"column":42}},"37":{"start":{"line":414,"column":8},"end":{"line":414,"column":17555}},"38":{"start":{"line":419,"column":8},"end":{"line":419,"column":92}},"39":{"start":{"line":421,"column":8},"end":{"line":421,"column":29}},"40":{"start":{"line":426,"column":8},"end":{"line":426,"column":18074}},"41":{"start":{"line":429,"column":8},"end":{"line":429,"column":21}},"42":{"start":{"line":443,"column":8},"end":{"line":443,"column":18734}},"43":{"start":{"line":451,"column":8},"end":{"line":451,"column":19148}},"44":{"start":{"line":465,"column":8},"end":{"line":465,"column":63}},"45":{"start":{"line":466,"column":8},"end":{"line":466,"column":64}},"46":{"start":{"line":467,"column":8},"end":{"line":467,"column":62}},"47":{"start":{"line":468,"column":8},"end":{"line":468,"column":72}},"48":{"start":{"line":469,"column":8},"end":{"line":469,"column":68}},"49":{"start":{"line":471,"column":8},"end":{"line":471,"column":20125}},"50":{"start":{"line":472,"column":12},"end":{"line":472,"column":92}},"51":{"start":{"line":474,"column":12},"end":{"line":474,"column":20294}},"52":{"start":{"line":481,"column":16},"end":{"line":481,"column":80}},"53":{"start":{"line":483,"column":16},"end":{"line":483,"column":20919}},"54":{"start":{"line":484,"column":20},"end":{"line":484,"column":120}},"55":{"start":{"line":498,"column":8},"end":{"line":498,"column":21745}},"56":{"start":{"line":516,"column":8},"end":{"line":516,"column":22550}},"57":{"start":{"line":519,"column":8},"end":{"line":519,"column":40}},"58":{"start":{"line":526,"column":8},"end":{"line":526,"column":32}},"59":{"start":{"line":526,"column":24},"end":{"line":526,"column":32}},"60":{"start":{"line":527,"column":8},"end":{"line":527,"column":38}},"61":{"start":{"line":534,"column":8},"end":{"line":534,"column":23375}},"62":{"start":{"line":537,"column":8},"end":{"line":537,"column":66}},"63":{"start":{"line":538,"column":8},"end":{"line":538,"column":95}},"64":{"start":{"line":543,"column":8},"end":{"line":543,"column":25}},"65":{"start":{"line":554,"column":8},"end":{"line":554,"column":53}},"66":{"start":{"line":555,"column":8},"end":{"line":555,"column":24335}},"67":{"start":{"line":560,"column":8},"end":{"line":560,"column":53}},"68":{"start":{"line":561,"column":8},"end":{"line":561,"column":52}},"69":{"start":{"line":562,"column":8},"end":{"line":562,"column":57}},"70":{"start":{"line":568,"column":8},"end":{"line":568,"column":68}},"71":{"start":{"line":569,"column":8},"end":{"line":569,"column":44}},"72":{"start":{"line":571,"column":8},"end":{"line":571,"column":24961}},"73":{"start":{"line":605,"column":8},"end":{"line":605,"column":26342}},"74":{"start":{"line":606,"column":12},"end":{"line":606,"column":18}},"75":{"start":{"line":609,"column":8},"end":{"line":609,"column":29}},"76":{"start":{"line":610,"column":8},"end":{"line":610,"column":45}},"77":{"start":{"line":615,"column":8},"end":{"line":615,"column":59}},"78":{"start":{"line":616,"column":8},"end":{"line":616,"column":26756}},"79":{"start":{"line":617,"column":12},"end":{"line":617,"column":26818}},"80":{"start":{"line":618,"column":16},"end":{"line":618,"column":26895}},"81":{"start":{"line":619,"column":20},"end":{"line":619,"column":52}},"82":{"start":{"line":624,"column":20},"end":{"line":624,"column":52}},"83":{"start":{"line":625,"column":20},"end":{"line":625,"column":35}},"84":{"start":{"line":633,"column":8},"end":{"line":633,"column":64}},"85":{"start":{"line":633,"column":52},"end":{"line":633,"column":64}},"86":{"start":{"line":634,"column":8},"end":{"line":634,"column":64}},"87":{"start":{"line":639,"column":8},"end":{"line":639,"column":27751}},"88":{"start":{"line":643,"column":8},"end":{"line":643,"column":35}},"89":{"start":{"line":676,"column":8},"end":{"line":676,"column":54}},"90":{"start":{"line":677,"column":8},"end":{"line":677,"column":34}},"91":{"start":{"line":679,"column":8},"end":{"line":679,"column":32}},"92":{"start":{"line":703,"column":8},"end":{"line":703,"column":60}},"93":{"start":{"line":705,"column":8},"end":{"line":705,"column":30050}},"94":{"start":{"line":716,"column":8},"end":{"line":716,"column":49}},"95":{"start":{"line":718,"column":8},"end":{"line":718,"column":25}},"96":{"start":{"line":729,"column":8},"end":{"line":729,"column":60}},"97":{"start":{"line":730,"column":8},"end":{"line":730,"column":31009}}},"branchMap":{"1":{"line":204,"type":"if","locations":[{"start":{"line":204,"column":8},"end":{"line":204,"column":8}},{"start":{"line":204,"column":8},"end":{"line":204,"column":8}}]},"2":{"line":231,"type":"if","locations":[{"start":{"line":231,"column":13},"end":{"line":231,"column":13}},{"start":{"line":231,"column":13},"end":{"line":231,"column":13}}]},"3":{"line":257,"type":"if","locations":[{"start":{"line":257,"column":62},"end":{"line":257,"column":62}},{"start":{"line":257,"column":62},"end":{"line":257,"column":62}}]},"4":{"line":263,"type":"if","locations":[{"start":{"line":263,"column":65},"end":{"line":263,"column":65}},{"start":{"line":263,"column":65},"end":{"line":263,"column":65}}]},"5":{"line":282,"type":"if","locations":[{"start":{"line":282,"column":64},"end":{"line":282,"column":64}},{"start":{"line":282,"column":64},"end":{"line":282,"column":64}}]},"6":{"line":282,"type":"if","locations":[{"start":{"line":282,"column":74},"end":{"line":282,"column":74}},{"start":{"line":282,"column":74},"end":{"line":282,"column":74}}]},"7":{"line":287,"type":"if","locations":[{"start":{"line":287,"column":8},"end":{"line":287,"column":8}},{"start":{"line":287,"column":8},"end":{"line":287,"column":8}}]},"8":{"line":332,"type":"if","locations":[{"start":{"line":332,"column":8},"end":{"line":332,"column":8}},{"start":{"line":332,"column":8},"end":{"line":332,"column":8}}]},"9":{"line":353,"type":"if","locations":[{"start":{"line":353,"column":15},"end":{"line":353,"column":15}},{"start":{"line":353,"column":15},"end":{"line":353,"column":15}}]},"10":{"line":380,"type":"if","locations":[{"start":{"line":380,"column":8},"end":{"line":380,"column":8}},{"start":{"line":380,"column":8},"end":{"line":380,"column":8}}]},"11":{"line":384,"type":"if","locations":[{"start":{"line":384,"column":8},"end":{"line":384,"column":8}},{"start":{"line":384,"column":8},"end":{"line":384,"column":8}}]},"12":{"line":393,"type":"if","locations":[{"start":{"line":393,"column":8},"end":{"line":393,"column":8}},{"start":{"line":393,"column":8},"end":{"line":393,"column":8}}]},"13":{"line":405,"type":"if","locations":[{"start":{"line":405,"column":69},"end":{"line":405,"column":69}},{"start":{"line":405,"column":69},"end":{"line":405,"column":69}}]},"14":{"line":406,"type":"if","locations":[{"start":{"line":406,"column":8},"end":{"line":406,"column":8}},{"start":{"line":406,"column":8},"end":{"line":406,"column":8}}]},"15":{"line":409,"type":"if","locations":[{"start":{"line":409,"column":8},"end":{"line":409,"column":8}},{"start":{"line":409,"column":8},"end":{"line":409,"column":8}}]},"16":{"line":414,"type":"if","locations":[{"start":{"line":414,"column":8},"end":{"line":414,"column":8}},{"start":{"line":414,"column":8},"end":{"line":414,"column":8}}]},"17":{"line":425,"type":"if","locations":[{"start":{"line":425,"column":44},"end":{"line":425,"column":44}},{"start":{"line":425,"column":44},"end":{"line":425,"column":44}}]},"18":{"line":426,"type":"if","locations":[{"start":{"line":426,"column":8},"end":{"line":426,"column":8}},{"start":{"line":426,"column":8},"end":{"line":426,"column":8}}]},"19":{"line":442,"type":"if","locations":[{"start":{"line":442,"column":15},"end":{"line":442,"column":15}},{"start":{"line":442,"column":15},"end":{"line":442,"column":15}}]},"20":{"line":443,"type":"if","locations":[{"start":{"line":443,"column":8},"end":{"line":443,"column":8}},{"start":{"line":443,"column":8},"end":{"line":443,"column":8}}]},"21":{"line":474,"type":"if","locations":[{"start":{"line":474,"column":12},"end":{"line":474,"column":12}},{"start":{"line":474,"column":12},"end":{"line":474,"column":12}}]},"22":{"line":483,"type":"if","locations":[{"start":{"line":483,"column":16},"end":{"line":483,"column":16}},{"start":{"line":483,"column":16},"end":{"line":483,"column":16}}]},"23":{"line":516,"type":"if","locations":[{"start":{"line":516,"column":8},"end":{"line":516,"column":8}},{"start":{"line":516,"column":8},"end":{"line":516,"column":8}}]},"24":{"line":526,"type":"if","locations":[{"start":{"line":526,"column":8},"end":{"line":526,"column":8}},{"start":{"line":526,"column":8},"end":{"line":526,"column":8}}]},"25":{"line":534,"type":"if","locations":[{"start":{"line":534,"column":8},"end":{"line":534,"column":8}},{"start":{"line":534,"column":8},"end":{"line":534,"column":8}}]},"26":{"line":555,"type":"if","locations":[{"start":{"line":555,"column":8},"end":{"line":555,"column":8}},{"start":{"line":555,"column":8},"end":{"line":555,"column":8}}]},"27":{"line":588,"type":"if","locations":[{"start":{"line":588,"column":78},"end":{"line":588,"column":78}},{"start":{"line":588,"column":78},"end":{"line":588,"column":78}}]},"28":{"line":605,"type":"if","locations":[{"start":{"line":605,"column":8},"end":{"line":605,"column":8}},{"start":{"line":605,"column":8},"end":{"line":605,"column":8}}]},"29":{"line":617,"type":"if","locations":[{"start":{"line":617,"column":12},"end":{"line":617,"column":12}},{"start":{"line":617,"column":12},"end":{"line":617,"column":12}}]},"30":{"line":618,"type":"if","locations":[{"start":{"line":618,"column":16},"end":{"line":618,"column":16}},{"start":{"line":618,"column":16},"end":{"line":618,"column":16}}]},"31":{"line":633,"type":"if","locations":[{"start":{"line":633,"column":8},"end":{"line":633,"column":8}},{"start":{"line":633,"column":8},"end":{"line":633,"column":8}}]},"32":{"line":639,"type":"if","locations":[{"start":{"line":639,"column":8},"end":{"line":639,"column":8}},{"start":{"line":639,"column":8},"end":{"line":639,"column":8}}]},"33":{"line":647,"type":"if","locations":[{"start":{"line":647,"column":61},"end":{"line":647,"column":61}},{"start":{"line":647,"column":61},"end":{"line":647,"column":61}}]},"34":{"line":652,"type":"if","locations":[{"start":{"line":652,"column":60},"end":{"line":652,"column":60}},{"start":{"line":652,"column":60},"end":{"line":652,"column":60}}]},"35":{"line":657,"type":"if","locations":[{"start":{"line":657,"column":67},"end":{"line":657,"column":67}},{"start":{"line":657,"column":67},"end":{"line":657,"column":67}}]},"36":{"line":662,"type":"if","locations":[{"start":{"line":662,"column":62},"end":{"line":662,"column":62}},{"start":{"line":662,"column":62},"end":{"line":662,"column":62}}]},"37":{"line":675,"type":"if","locations":[{"start":{"line":675,"column":15},"end":{"line":675,"column":15}},{"start":{"line":675,"column":15},"end":{"line":675,"column":15}}]},"38":{"line":675,"type":"if","locations":[{"start":{"line":675,"column":25},"end":{"line":675,"column":25}},{"start":{"line":675,"column":25},"end":{"line":675,"column":25}}]},"39":{"line":731,"type":"cond-expr","locations":[{"start":{"line":731,"column":12},"end":{"line":731,"column":51}},{"start":{"line":732,"column":12},"end":{"line":732,"column":48}}]},"40":{"line":731,"type":"cond-expr","locations":[{"start":{"line":731,"column":12},"end":{"line":732,"column":48}},{"start":{"line":733,"column":12},"end":{"line":733,"column":49}}]},"41":{"line":739,"type":"if","locations":[{"start":{"line":739,"column":76},"end":{"line":739,"column":76}},{"start":{"line":739,"column":76},"end":{"line":739,"column":76}}]}}},"contracts\\GameToken.sol":{"l":{"24":63,"25":63,"26":63,"35":45,"43":41,"51":1,"63":1},"path":"D:\\PFE\\dynamic-nft-game\\contracts\\GameToken.sol","s":{"1":63,"2":63,"3":63,"4":45,"5":41,"6":1,"7":1},"b":{"1":[45,1],"2":[41,1],"3":[1,1]},"f":{"1":63,"2":45,"3":41,"4":1,"5":1},"fnMap":{"1":{"name":"constructor","line":23,"loc":{"start":{"line":23,"column":4},"end":{"line":27,"column":4}}},"2":{"name":"mint","line":34,"loc":{"start":{"line":34,"column":4},"end":{"line":36,"column":4}}},"3":{"name":"addMinter","line":42,"loc":{"start":{"line":42,"column":4},"end":{"line":44,"column":4}}},"4":{"name":"removeMinter","line":50,"loc":{"start":{"line":50,"column":4},"end":{"line":52,"column":4}}},"5":{"name":"supportsInterface","line":57,"loc":{"start":{"line":57,"column":4},"end":{"line":64,"column":4}}}},"statementMap":{"1":{"start":{"line":24,"column":8},"end":{"line":24,"column":51}},"2":{"start":{"line":25,"column":8},"end":{"line":25,"column":44}},"3":{"start":{"line":26,"column":8},"end":{"line":26,"column":61}},"4":{"start":{"line":35,"column":8},"end":{"line":35,"column":24}},"5":{"start":{"line":43,"column":8},"end":{"line":43,"column":37}},"6":{"start":{"line":51,"column":8},"end":{"line":51,"column":38}},"7":{"start":{"line":63,"column":8},"end":{"line":63,"column":51}}},"branchMap":{"1":{"line":34,"type":"if","locations":[{"start":{"line":34,"column":53},"end":{"line":34,"column":53}},{"start":{"line":34,"column":53},"end":{"line":34,"column":53}}]},"2":{"line":42,"type":"if","locations":[{"start":{"line":42,"column":46},"end":{"line":42,"column":46}},{"start":{"line":42,"column":46},"end":{"line":42,"column":46}}]},"3":{"line":50,"type":"if","locations":[{"start":{"line":50,"column":49},"end":{"line":50,"column":49}},{"start":{"line":50,"column":49},"end":{"line":50,"column":49}}]}}},"contracts\\interfaces\\IERC5192.sol":{"l":{},"path":"D:\\PFE\\dynamic-nft-game\\contracts\\interfaces\\IERC5192.sol","s":{},"b":{},"f":{},"fnMap":{},"statementMap":{},"branchMap":{}},"contracts\\LootBox.sol":{"l":{"83":9,"84":9,"85":9,"86":9,"87":9,"99":3,"100":0,"102":3,"104":3,"105":0,"109":3,"117":3,"118":3,"125":3,"126":3,"128":3,"129":3,"131":3,"132":3,"133":3,"136":3,"137":3,"139":3,"140":1,"142":2,"144":0,"147":3,"148":3,"158":3,"159":3,"161":3,"168":2,"169":2,"170":2,"171":2,"173":1,"175":1,"182":1,"190":2,"198":0,"199":0,"203":0,"204":0,"205":0,"206":0,"207":0,"208":0,"212":9,"213":9,"214":9,"218":0,"222":0,"223":0,"231":3,"232":1,"233":0,"234":0,"235":0,"239":3,"240":2,"241":0},"path":"D:\\PFE\\dynamic-nft-game\\contracts\\LootBox.sol","s":{"1":3,"2":0,"3":3,"4":3,"5":0,"6":3,"7":3,"8":3,"9":3,"10":3,"11":3,"12":3,"13":3,"14":3,"15":3,"16":3,"17":3,"18":2,"19":3,"20":3,"21":3,"22":2,"23":2,"24":2,"25":2,"26":1,"27":1,"28":2,"29":0,"30":0,"31":0,"32":0,"33":3,"34":2,"35":1,"36":1,"37":0,"38":0,"39":0,"40":0,"41":0,"42":3,"43":1,"44":2,"45":2,"46":0},"b":{"1":[3,0],"2":[0,3],"3":[0,0],"4":[3,0],"5":[0,3],"6":[3,0],"7":[1,2],"8":[2,0],"9":[2,0],"10":[2,0],"11":[2,0],"12":[1,1],"13":[0,0],"14":[0,0],"15":[0,0],"16":[9,0],"17":[0,0],"18":[0,0],"19":[2,1],"20":[1,0],"21":[0,0],"22":[0,0],"23":[1,2],"24":[2,0]},"f":{"1":9,"2":3,"3":3,"4":2,"5":2,"6":0,"7":0,"8":9,"9":0,"10":0,"11":3,"12":3},"fnMap":{"1":{"name":"constructor","line":82,"loc":{"start":{"line":76,"column":4},"end":{"line":88,"column":4}}},"2":{"name":"openLootBox","line":98,"loc":{"start":{"line":98,"column":4},"end":{"line":119,"column":4}}},"3":{"name":"fulfillRandomWords","line":124,"loc":{"start":{"line":124,"column":4},"end":{"line":162,"column":4}}},"4":{"name":"applyItemToCharacter","line":167,"loc":{"start":{"line":167,"column":4},"end":{"line":183,"column":4}}},"5":{"name":"getPlayerInventory","line":189,"loc":{"start":{"line":189,"column":4},"end":{"line":191,"column":4}}},"6":{"name":"setPrices","line":197,"loc":{"start":{"line":197,"column":4},"end":{"line":200,"column":4}}},"7":{"name":"setWeights","line":202,"loc":{"start":{"line":202,"column":4},"end":{"line":209,"column":4}}},"8":{"name":"setVRFConfig","line":211,"loc":{"start":{"line":211,"column":4},"end":{"line":215,"column":4}}},"9":{"name":"withdraw","line":217,"loc":{"start":{"line":217,"column":4},"end":{"line":219,"column":4}}},"10":{"name":"withdrawTokens","line":221,"loc":{"start":{"line":221,"column":4},"end":{"line":224,"column":4}}},"11":{"name":"_determineRarity","line":230,"loc":{"start":{"line":230,"column":4},"end":{"line":236,"column":4}}},"12":{"name":"_determineItemType","line":238,"loc":{"start":{"line":238,"column":4},"end":{"line":242,"column":4}}}},"statementMap":{"1":{"start":{"line":99,"column":8},"end":{"line":99,"column":3835}},"2":{"start":{"line":100,"column":12},"end":{"line":100,"column":106}},"3":{"start":{"line":102,"column":12},"end":{"line":102,"column":70}},"4":{"start":{"line":104,"column":12},"end":{"line":104,"column":4102}},"5":{"start":{"line":105,"column":16},"end":{"line":105,"column":67}},"6":{"start":{"line":109,"column":8},"end":{"line":109,"column":4232}},"7":{"start":{"line":118,"column":8},"end":{"line":118,"column":60}},"8":{"start":{"line":125,"column":8},"end":{"line":125,"column":51}},"9":{"start":{"line":126,"column":8},"end":{"line":126,"column":57}},"10":{"start":{"line":128,"column":8},"end":{"line":128,"column":61}},"11":{"start":{"line":129,"column":8},"end":{"line":129,"column":71}},"12":{"start":{"line":131,"column":8},"end":{"line":131,"column":21}},"13":{"start":{"line":132,"column":8},"end":{"line":132,"column":21}},"14":{"start":{"line":133,"column":8},"end":{"line":133,"column":21}},"15":{"start":{"line":136,"column":8},"end":{"line":136,"column":44}},"16":{"start":{"line":137,"column":8},"end":{"line":137,"column":52}},"17":{"start":{"line":139,"column":8},"end":{"line":139,"column":5201}},"18":{"start":{"line":141,"column":15},"end":{"line":141,"column":5344}},"19":{"start":{"line":148,"column":8},"end":{"line":148,"column":5575}},"20":{"start":{"line":158,"column":8},"end":{"line":158,"column":44}},"21":{"start":{"line":161,"column":8},"end":{"line":161,"column":76}},"22":{"start":{"line":168,"column":8},"end":{"line":168,"column":84}},"23":{"start":{"line":169,"column":8},"end":{"line":169,"column":75}},"24":{"start":{"line":170,"column":8},"end":{"line":170,"column":49}},"25":{"start":{"line":171,"column":8},"end":{"line":171,"column":82}},"26":{"start":{"line":175,"column":8},"end":{"line":175,"column":6559}},"27":{"start":{"line":182,"column":8},"end":{"line":182,"column":54}},"28":{"start":{"line":190,"column":8},"end":{"line":190,"column":38}},"29":{"start":{"line":203,"column":8},"end":{"line":203,"column":96}},"30":{"start":{"line":218,"column":8},"end":{"line":218,"column":55}},"31":{"start":{"line":222,"column":8},"end":{"line":222,"column":64}},"32":{"start":{"line":223,"column":8},"end":{"line":223,"column":47}},"33":{"start":{"line":231,"column":8},"end":{"line":231,"column":41}},"34":{"start":{"line":231,"column":33},"end":{"line":231,"column":41}},"35":{"start":{"line":232,"column":8},"end":{"line":232,"column":54}},"36":{"start":{"line":232,"column":46},"end":{"line":232,"column":54}},"37":{"start":{"line":233,"column":8},"end":{"line":233,"column":67}},"38":{"start":{"line":233,"column":59},"end":{"line":233,"column":67}},"39":{"start":{"line":234,"column":8},"end":{"line":234,"column":85}},"40":{"start":{"line":234,"column":77},"end":{"line":234,"column":85}},"41":{"start":{"line":235,"column":8},"end":{"line":235,"column":16}},"42":{"start":{"line":239,"column":8},"end":{"line":239,"column":38}},"43":{"start":{"line":239,"column":23},"end":{"line":239,"column":38}},"44":{"start":{"line":240,"column":8},"end":{"line":240,"column":37}},"45":{"start":{"line":240,"column":23},"end":{"line":240,"column":37}},"46":{"start":{"line":241,"column":8},"end":{"line":241,"column":23}}},"branchMap":{"1":{"line":98,"type":"if","locations":[{"start":{"line":98,"column":58},"end":{"line":98,"column":58}},{"start":{"line":98,"column":58},"end":{"line":98,"column":58}}]},"2":{"line":99,"type":"if","locations":[{"start":{"line":99,"column":8},"end":{"line":99,"column":8}},{"start":{"line":99,"column":8},"end":{"line":99,"column":8}}]},"3":{"line":100,"type":"if","locations":[{"start":{"line":100,"column":12},"end":{"line":100,"column":12}},{"start":{"line":100,"column":12},"end":{"line":100,"column":12}}]},"4":{"line":102,"type":"if","locations":[{"start":{"line":102,"column":12},"end":{"line":102,"column":12}},{"start":{"line":102,"column":12},"end":{"line":102,"column":12}}]},"5":{"line":104,"type":"if","locations":[{"start":{"line":104,"column":12},"end":{"line":104,"column":12}},{"start":{"line":104,"column":12},"end":{"line":104,"column":12}}]},"6":{"line":126,"type":"if","locations":[{"start":{"line":126,"column":8},"end":{"line":126,"column":8}},{"start":{"line":126,"column":8},"end":{"line":126,"column":8}}]},"7":{"line":139,"type":"if","locations":[{"start":{"line":139,"column":8},"end":{"line":139,"column":8}},{"start":{"line":139,"column":8},"end":{"line":139,"column":8}}]},"8":{"line":141,"type":"if","locations":[{"start":{"line":141,"column":15},"end":{"line":141,"column":15}},{"start":{"line":141,"column":15},"end":{"line":141,"column":15}}]},"9":{"line":167,"type":"if","locations":[{"start":{"line":167,"column":84},"end":{"line":167,"column":84}},{"start":{"line":167,"column":84},"end":{"line":167,"column":84}}]},"10":{"line":168,"type":"if","locations":[{"start":{"line":168,"column":8},"end":{"line":168,"column":8}},{"start":{"line":168,"column":8},"end":{"line":168,"column":8}}]},"11":{"line":170,"type":"if","locations":[{"start":{"line":170,"column":8},"end":{"line":170,"column":8}},{"start":{"line":170,"column":8},"end":{"line":170,"column":8}}]},"12":{"line":171,"type":"if","locations":[{"start":{"line":171,"column":8},"end":{"line":171,"column":8}},{"start":{"line":171,"column":8},"end":{"line":171,"column":8}}]},"13":{"line":197,"type":"if","locations":[{"start":{"line":197,"column":74},"end":{"line":197,"column":74}},{"start":{"line":197,"column":74},"end":{"line":197,"column":74}}]},"14":{"line":202,"type":"if","locations":[{"start":{"line":202,"column":107},"end":{"line":202,"column":107}},{"start":{"line":202,"column":107},"end":{"line":202,"column":107}}]},"15":{"line":203,"type":"if","locations":[{"start":{"line":203,"column":8},"end":{"line":203,"column":8}},{"start":{"line":203,"column":8},"end":{"line":203,"column":8}}]},"16":{"line":211,"type":"if","locations":[{"start":{"line":211,"column":86},"end":{"line":211,"column":86}},{"start":{"line":211,"column":86},"end":{"line":211,"column":86}}]},"17":{"line":217,"type":"if","locations":[{"start":{"line":217,"column":33},"end":{"line":217,"column":33}},{"start":{"line":217,"column":33},"end":{"line":217,"column":33}}]},"18":{"line":221,"type":"if","locations":[{"start":{"line":221,"column":52},"end":{"line":221,"column":52}},{"start":{"line":221,"column":52},"end":{"line":221,"column":52}}]},"19":{"line":231,"type":"if","locations":[{"start":{"line":231,"column":8},"end":{"line":231,"column":8}},{"start":{"line":231,"column":8},"end":{"line":231,"column":8}}]},"20":{"line":232,"type":"if","locations":[{"start":{"line":232,"column":8},"end":{"line":232,"column":8}},{"start":{"line":232,"column":8},"end":{"line":232,"column":8}}]},"21":{"line":233,"type":"if","locations":[{"start":{"line":233,"column":8},"end":{"line":233,"column":8}},{"start":{"line":233,"column":8},"end":{"line":233,"column":8}}]},"22":{"line":234,"type":"if","locations":[{"start":{"line":234,"column":8},"end":{"line":234,"column":8}},{"start":{"line":234,"column":8},"end":{"line":234,"column":8}}]},"23":{"line":239,"type":"if","locations":[{"start":{"line":239,"column":8},"end":{"line":239,"column":8}},{"start":{"line":239,"column":8},"end":{"line":239,"column":8}}]},"24":{"line":240,"type":"if","locations":[{"start":{"line":240,"column":8},"end":{"line":240,"column":8}},{"start":{"line":240,"column":8},"end":{"line":240,"column":8}}]}}},"contracts\\test\\VRFCoordinatorV2Mock.sol":{"l":{},"path":"D:\\PFE\\dynamic-nft-game\\contracts\\test\\VRFCoordinatorV2Mock.sol","s":{},"b":{},"f":{},"fnMap":{},"statementMap":{},"branchMap":{}},"contracts\\TokenVesting.sol":{"l":{"31":0,"41":0,"42":0,"43":0,"45":0,"55":0,"59":0,"60":0,"61":0,"63":0,"64":0,"66":0,"67":0,"69":0,"73":0,"74":0,"75":0,"77":0,"78":0,"82":0,"83":0,"85":0,"87":0,"88":0,"89":0,"94":0,"95":0,"96":0},"path":"D:\\PFE\\dynamic-nft-game\\contracts\\TokenVesting.sol","s":{"1":0,"2":0,"3":0,"4":0,"5":0,"6":0,"7":0,"8":0,"9":0,"10":0,"11":0,"12":0,"13":0,"14":0,"15":0,"16":0,"17":0,"18":0,"19":0,"20":0,"21":0,"22":0,"23":0,"24":0,"25":0,"26":0},"b":{"1":[0,0],"2":[0,0],"3":[0,0],"4":[0,0],"5":[0,0],"6":[0,0],"7":[0,0],"8":[0,0],"9":[0,0],"10":[0,0],"11":[0,0],"12":[0,0],"13":[0,0],"14":[0,0]},"f":{"1":0,"2":0,"3":0,"4":0,"5":0,"6":0},"fnMap":{"1":{"name":"constructor","line":30,"loc":{"start":{"line":30,"column":4},"end":{"line":32,"column":4}}},"2":{"name":"createVestingSchedule","line":40,"loc":{"start":{"line":34,"column":4},"end":{"line":56,"column":4}}},"3":{"name":"release","line":58,"loc":{"start":{"line":58,"column":4},"end":{"line":70,"column":4}}},"4":{"name":"revoke","line":72,"loc":{"start":{"line":72,"column":4},"end":{"line":79,"column":4}}},"5":{"name":"_calculateReleasableAmount","line":81,"loc":{"start":{"line":81,"column":4},"end":{"line":91,"column":4}}},"6":{"name":"getReleasableAmount","line":93,"loc":{"start":{"line":93,"column":4},"end":{"line":97,"column":4}}}},"statementMap":{"1":{"start":{"line":41,"column":8},"end":{"line":41,"column":69}},"2":{"start":{"line":42,"column":8},"end":{"line":42,"column":49}},"3":{"start":{"line":43,"column":8},"end":{"line":43,"column":90}},"4":{"start":{"line":55,"column":8},"end":{"line":55,"column":58}},"5":{"start":{"line":59,"column":8},"end":{"line":59,"column":71}},"6":{"start":{"line":60,"column":8},"end":{"line":60,"column":69}},"7":{"start":{"line":61,"column":8},"end":{"line":61,"column":52}},"8":{"start":{"line":63,"column":8},"end":{"line":63,"column":65}},"9":{"start":{"line":64,"column":8},"end":{"line":64,"column":54}},"10":{"start":{"line":67,"column":8},"end":{"line":67,"column":55}},"11":{"start":{"line":69,"column":8},"end":{"line":69,"column":61}},"12":{"start":{"line":73,"column":8},"end":{"line":73,"column":73}},"13":{"start":{"line":74,"column":8},"end":{"line":74,"column":61}},"14":{"start":{"line":75,"column":8},"end":{"line":75,"column":52}},"15":{"start":{"line":78,"column":8},"end":{"line":78,"column":41}},"16":{"start":{"line":82,"column":8},"end":{"line":82,"column":2830}},"17":{"start":{"line":83,"column":12},"end":{"line":83,"column":20}},"18":{"start":{"line":84,"column":15},"end":{"line":84,"column":2908}},"19":{"start":{"line":85,"column":12},"end":{"line":85,"column":67}},"20":{"start":{"line":87,"column":12},"end":{"line":87,"column":69}},"21":{"start":{"line":88,"column":12},"end":{"line":88,"column":95}},"22":{"start":{"line":89,"column":12},"end":{"line":89,"column":58}},"23":{"start":{"line":94,"column":8},"end":{"line":94,"column":72}},"24":{"start":{"line":95,"column":8},"end":{"line":95,"column":38}},"25":{"start":{"line":95,"column":30},"end":{"line":95,"column":38}},"26":{"start":{"line":96,"column":8},"end":{"line":96,"column":51}}},"branchMap":{"1":{"line":40,"type":"if","locations":[{"start":{"line":40,"column":15},"end":{"line":40,"column":15}},{"start":{"line":40,"column":15},"end":{"line":40,"column":15}}]},"2":{"line":41,"type":"if","locations":[{"start":{"line":41,"column":8},"end":{"line":41,"column":8}},{"start":{"line":41,"column":8},"end":{"line":41,"column":8}}]},"3":{"line":42,"type":"if","locations":[{"start":{"line":42,"column":8},"end":{"line":42,"column":8}},{"start":{"line":42,"column":8},"end":{"line":42,"column":8}}]},"4":{"line":43,"type":"if","locations":[{"start":{"line":43,"column":8},"end":{"line":43,"column":8}},{"start":{"line":43,"column":8},"end":{"line":43,"column":8}}]},"5":{"line":58,"type":"if","locations":[{"start":{"line":58,"column":32},"end":{"line":58,"column":32}},{"start":{"line":58,"column":32},"end":{"line":58,"column":32}}]},"6":{"line":60,"type":"if","locations":[{"start":{"line":60,"column":8},"end":{"line":60,"column":8}},{"start":{"line":60,"column":8},"end":{"line":60,"column":8}}]},"7":{"line":61,"type":"if","locations":[{"start":{"line":61,"column":8},"end":{"line":61,"column":8}},{"start":{"line":61,"column":8},"end":{"line":61,"column":8}}]},"8":{"line":64,"type":"if","locations":[{"start":{"line":64,"column":8},"end":{"line":64,"column":8}},{"start":{"line":64,"column":8},"end":{"line":64,"column":8}}]},"9":{"line":72,"type":"if","locations":[{"start":{"line":72,"column":51},"end":{"line":72,"column":51}},{"start":{"line":72,"column":51},"end":{"line":72,"column":51}}]},"10":{"line":74,"type":"if","locations":[{"start":{"line":74,"column":8},"end":{"line":74,"column":8}},{"start":{"line":74,"column":8},"end":{"line":74,"column":8}}]},"11":{"line":75,"type":"if","locations":[{"start":{"line":75,"column":8},"end":{"line":75,"column":8}},{"start":{"line":75,"column":8},"end":{"line":75,"column":8}}]},"12":{"line":82,"type":"if","locations":[{"start":{"line":82,"column":8},"end":{"line":82,"column":8}},{"start":{"line":82,"column":8},"end":{"line":82,"column":8}}]},"13":{"line":84,"type":"if","locations":[{"start":{"line":84,"column":15},"end":{"line":84,"column":15}},{"start":{"line":84,"column":15},"end":{"line":84,"column":15}}]},"14":{"line":95,"type":"if","locations":[{"start":{"line":95,"column":8},"end":{"line":95,"column":8}},{"start":{"line":95,"column":8},"end":{"line":95,"column":8}}]}}}}